TimeQuest Timing Analyzer report for MIC1
Thu Jul 17 16:44:02 2025
Quartus II 64-Bit Version 13.0.1 Build 232 06/12/2013 Service Pack 1 SJ Web Edition


---------------------
; Table of Contents ;
---------------------
  1. Legal Notice
  2. TimeQuest Timing Analyzer Summary
  3. Parallel Compilation
  4. Clocks
  5. Slow Model Fmax Summary
  6. Slow Model Setup Summary
  7. Slow Model Hold Summary
  8. Slow Model Recovery Summary
  9. Slow Model Removal Summary
 10. Slow Model Minimum Pulse Width Summary
 11. Propagation Delay
 12. Minimum Propagation Delay
 13. Fast Model Setup Summary
 14. Fast Model Hold Summary
 15. Fast Model Recovery Summary
 16. Fast Model Removal Summary
 17. Fast Model Minimum Pulse Width Summary
 18. Propagation Delay
 19. Minimum Propagation Delay
 20. Multicorner Timing Analysis Summary
 21. Progagation Delay
 22. Minimum Progagation Delay
 23. Clock Transfers
 24. Report TCCS
 25. Report RSKM
 26. Unconstrained Paths
 27. TimeQuest Timing Analyzer Messages



----------------
; Legal Notice ;
----------------
Copyright (C) 1991-2013 Altera Corporation
Your use of Altera Corporation's design tools, logic functions 
and other software and tools, and its AMPP partner logic 
functions, and any output files from any of the foregoing 
(including device programming or simulation files), and any 
associated documentation or information are expressly subject 
to the terms and conditions of the Altera Program License 
Subscription Agreement, Altera MegaCore Function License 
Agreement, or other applicable license agreement, including, 
without limitation, that your use is for the sole purpose of 
programming logic devices manufactured by Altera and sold by 
Altera or its authorized distributors.  Please refer to the 
applicable agreement for further details.



+----------------------------------------------------------------------------------------+
; TimeQuest Timing Analyzer Summary                                                      ;
+--------------------+-------------------------------------------------------------------+
; Quartus II Version ; Version 13.0.1 Build 232 06/12/2013 Service Pack 1 SJ Web Edition ;
; Revision Name      ; MIC1                                                              ;
; Device Family      ; Cyclone II                                                        ;
; Device Name        ; EP2C5F256C6                                                       ;
; Timing Models      ; Final                                                             ;
; Delay Model        ; Combined                                                          ;
; Rise/Fall Delays   ; Unavailable                                                       ;
+--------------------+-------------------------------------------------------------------+


Parallel compilation was disabled, but you have multiple processors available. Enable parallel compilation to reduce compilation time.
+-------------------------------------+
; Parallel Compilation                ;
+----------------------------+--------+
; Processors                 ; Number ;
+----------------------------+--------+
; Number detected on machine ; 12     ;
; Maximum allowed            ; 1      ;
+----------------------------+--------+


----------
; Clocks ;
----------
No clocks to report.


---------------------------
; Slow Model Fmax Summary ;
---------------------------
No paths to report.


----------------------------
; Slow Model Setup Summary ;
----------------------------
No paths to report.


---------------------------
; Slow Model Hold Summary ;
---------------------------
No paths to report.


-------------------------------
; Slow Model Recovery Summary ;
-------------------------------
No paths to report.


------------------------------
; Slow Model Removal Summary ;
------------------------------
No paths to report.


------------------------------------------
; Slow Model Minimum Pulse Width Summary ;
------------------------------------------
No paths to report.


+--------------------------------------------------------------+
; Propagation Delay                                            ;
+------------+-------------+--------+--------+--------+--------+
; Input Port ; Output Port ; RR     ; RF     ; FR     ; FF     ;
+------------+-------------+--------+--------+--------+--------+
; INPUT[0]   ; OUTPUT[0]   ; 9.213  ;        ;        ; 9.213  ;
; INPUT[0]   ; OUTPUT[8]   ; 9.548  ;        ;        ; 9.548  ;
; INPUT[0]   ; Z           ;        ; 11.711 ; 11.711 ;        ;
; INPUT[1]   ; OUTPUT[0]   ; 9.180  ;        ;        ; 9.180  ;
; INPUT[1]   ; OUTPUT[1]   ; 9.120  ;        ;        ; 9.120  ;
; INPUT[1]   ; OUTPUT[9]   ; 9.868  ;        ;        ; 9.868  ;
; INPUT[1]   ; Z           ;        ; 11.959 ; 11.959 ;        ;
; INPUT[2]   ; OUTPUT[1]   ; 9.685  ;        ;        ; 9.685  ;
; INPUT[2]   ; OUTPUT[2]   ; 9.635  ;        ;        ; 9.635  ;
; INPUT[2]   ; OUTPUT[10]  ; 10.107 ;        ;        ; 10.107 ;
; INPUT[2]   ; Z           ;        ; 12.493 ; 12.493 ;        ;
; INPUT[3]   ; OUTPUT[2]   ; 10.279 ;        ;        ; 10.279 ;
; INPUT[3]   ; OUTPUT[3]   ; 10.735 ;        ;        ; 10.735 ;
; INPUT[3]   ; OUTPUT[11]  ; 11.022 ;        ;        ; 11.022 ;
; INPUT[3]   ; Z           ;        ; 13.157 ; 13.157 ;        ;
; INPUT[4]   ; OUTPUT[3]   ; 10.571 ;        ;        ; 10.571 ;
; INPUT[4]   ; OUTPUT[4]   ; 10.066 ;        ;        ; 10.066 ;
; INPUT[4]   ; OUTPUT[12]  ; 11.261 ;        ;        ; 11.261 ;
; INPUT[4]   ; Z           ;        ; 13.204 ; 13.204 ;        ;
; INPUT[5]   ; OUTPUT[4]   ; 9.843  ;        ;        ; 9.843  ;
; INPUT[5]   ; OUTPUT[5]   ; 10.100 ;        ;        ; 10.100 ;
; INPUT[5]   ; OUTPUT[13]  ; 10.971 ;        ;        ; 10.971 ;
; INPUT[5]   ; Z           ;        ; 13.103 ; 13.103 ;        ;
; INPUT[6]   ; OUTPUT[5]   ; 9.648  ;        ;        ; 9.648  ;
; INPUT[6]   ; OUTPUT[6]   ; 10.235 ;        ;        ; 10.235 ;
; INPUT[6]   ; OUTPUT[14]  ; 9.769  ;        ;        ; 9.769  ;
; INPUT[6]   ; Z           ;        ; 13.665 ; 13.665 ;        ;
; INPUT[7]   ; OUTPUT[6]   ; 10.191 ;        ;        ; 10.191 ;
; INPUT[7]   ; OUTPUT[7]   ; 9.308  ;        ;        ; 9.308  ;
; INPUT[7]   ; OUTPUT[15]  ; 10.314 ;        ;        ; 10.314 ;
; INPUT[7]   ; Z           ;        ; 14.122 ; 14.122 ;        ;
; INPUT[8]   ; OUTPUT[7]   ; 9.420  ;        ;        ; 9.420  ;
; INPUT[8]   ; OUTPUT[8]   ; 8.976  ;        ;        ; 8.976  ;
; INPUT[8]   ; OUTPUT[16]  ; 10.118 ;        ;        ; 10.118 ;
; INPUT[8]   ; Z           ;        ; 13.686 ; 13.686 ;        ;
; INPUT[9]   ; OUTPUT[8]   ; 9.537  ;        ;        ; 9.537  ;
; INPUT[9]   ; OUTPUT[9]   ; 9.526  ;        ;        ; 9.526  ;
; INPUT[9]   ; OUTPUT[17]  ; 10.352 ;        ;        ; 10.352 ;
; INPUT[9]   ; Z           ;        ; 14.509 ; 14.509 ;        ;
; INPUT[10]  ; OUTPUT[9]   ; 10.426 ;        ;        ; 10.426 ;
; INPUT[10]  ; OUTPUT[10]  ; 9.755  ;        ;        ; 9.755  ;
; INPUT[10]  ; OUTPUT[18]  ; 10.222 ;        ;        ; 10.222 ;
; INPUT[10]  ; Z           ;        ; 13.235 ; 13.235 ;        ;
; INPUT[11]  ; OUTPUT[10]  ; 10.799 ;        ;        ; 10.799 ;
; INPUT[11]  ; OUTPUT[11]  ; 10.576 ;        ;        ; 10.576 ;
; INPUT[11]  ; OUTPUT[19]  ; 9.535  ;        ;        ; 9.535  ;
; INPUT[11]  ; Z           ;        ; 13.185 ; 13.185 ;        ;
; INPUT[12]  ; OUTPUT[11]  ; 10.753 ;        ;        ; 10.753 ;
; INPUT[12]  ; OUTPUT[12]  ; 10.487 ;        ;        ; 10.487 ;
; INPUT[12]  ; OUTPUT[20]  ; 9.668  ;        ;        ; 9.668  ;
; INPUT[12]  ; Z           ;        ; 13.329 ; 13.329 ;        ;
; INPUT[13]  ; OUTPUT[12]  ; 11.037 ;        ;        ; 11.037 ;
; INPUT[13]  ; OUTPUT[13]  ; 10.406 ;        ;        ; 10.406 ;
; INPUT[13]  ; OUTPUT[21]  ; 11.557 ;        ;        ; 11.557 ;
; INPUT[13]  ; Z           ;        ; 14.564 ; 14.564 ;        ;
; INPUT[14]  ; OUTPUT[13]  ; 11.302 ;        ;        ; 11.302 ;
; INPUT[14]  ; OUTPUT[14]  ; 9.633  ;        ;        ; 9.633  ;
; INPUT[14]  ; OUTPUT[22]  ; 10.626 ;        ;        ; 10.626 ;
; INPUT[14]  ; Z           ;        ; 14.060 ; 14.060 ;        ;
; INPUT[15]  ; OUTPUT[14]  ; 9.533  ;        ;        ; 9.533  ;
; INPUT[15]  ; OUTPUT[15]  ; 9.180  ;        ;        ; 9.180  ;
; INPUT[15]  ; OUTPUT[23]  ; 10.894 ;        ;        ; 10.894 ;
; INPUT[15]  ; Z           ;        ; 13.680 ; 13.680 ;        ;
; INPUT[16]  ; OUTPUT[15]  ; 9.862  ;        ;        ; 9.862  ;
; INPUT[16]  ; OUTPUT[16]  ; 9.214  ;        ;        ; 9.214  ;
; INPUT[16]  ; OUTPUT[24]  ; 10.223 ;        ;        ; 10.223 ;
; INPUT[16]  ; Z           ;        ; 13.716 ; 13.716 ;        ;
; INPUT[17]  ; OUTPUT[16]  ; 10.374 ;        ;        ; 10.374 ;
; INPUT[17]  ; OUTPUT[17]  ; 9.456  ;        ;        ; 9.456  ;
; INPUT[17]  ; OUTPUT[25]  ; 10.325 ;        ;        ; 10.325 ;
; INPUT[17]  ; Z           ;        ; 13.942 ; 13.942 ;        ;
; INPUT[18]  ; OUTPUT[17]  ; 10.283 ;        ;        ; 10.283 ;
; INPUT[18]  ; OUTPUT[18]  ; 10.045 ;        ;        ; 10.045 ;
; INPUT[18]  ; OUTPUT[26]  ; 10.147 ;        ;        ; 10.147 ;
; INPUT[18]  ; Z           ;        ; 14.440 ; 14.440 ;        ;
; INPUT[19]  ; OUTPUT[18]  ; 9.866  ;        ;        ; 9.866  ;
; INPUT[19]  ; OUTPUT[19]  ; 8.861  ;        ;        ; 8.861  ;
; INPUT[19]  ; OUTPUT[27]  ; 9.930  ;        ;        ; 9.930  ;
; INPUT[19]  ; Z           ;        ; 12.879 ; 12.879 ;        ;
; INPUT[20]  ; OUTPUT[19]  ; 9.909  ;        ;        ; 9.909  ;
; INPUT[20]  ; OUTPUT[20]  ; 9.430  ;        ;        ; 9.430  ;
; INPUT[20]  ; OUTPUT[28]  ; 9.910  ;        ;        ; 9.910  ;
; INPUT[20]  ; Z           ;        ; 13.439 ; 13.439 ;        ;
; INPUT[21]  ; OUTPUT[20]  ; 10.263 ;        ;        ; 10.263 ;
; INPUT[21]  ; OUTPUT[21]  ; 10.231 ;        ;        ; 10.231 ;
; INPUT[21]  ; OUTPUT[29]  ; 10.864 ;        ;        ; 10.864 ;
; INPUT[21]  ; Z           ;        ; 13.924 ; 13.924 ;        ;
; INPUT[22]  ; OUTPUT[21]  ; 11.667 ;        ;        ; 11.667 ;
; INPUT[22]  ; OUTPUT[22]  ; 10.360 ;        ;        ; 10.360 ;
; INPUT[22]  ; OUTPUT[30]  ; 11.305 ;        ;        ; 11.305 ;
; INPUT[22]  ; Z           ;        ; 14.674 ; 14.674 ;        ;
; INPUT[23]  ; N           ; 11.199 ;        ;        ; 11.199 ;
; INPUT[23]  ; OUTPUT[22]  ; 11.237 ;        ;        ; 11.237 ;
; INPUT[23]  ; OUTPUT[23]  ; 10.914 ;        ;        ; 10.914 ;
; INPUT[23]  ; OUTPUT[31]  ; 11.199 ;        ;        ; 11.199 ;
; INPUT[23]  ; Z           ;        ; 14.671 ; 14.671 ;        ;
; INPUT[24]  ; OUTPUT[23]  ; 11.157 ;        ;        ; 11.157 ;
; INPUT[24]  ; OUTPUT[24]  ; 9.529  ;        ;        ; 9.529  ;
; INPUT[24]  ; Z           ;        ; 13.943 ; 13.943 ;        ;
; INPUT[25]  ; OUTPUT[24]  ; 10.469 ;        ;        ; 10.469 ;
; INPUT[25]  ; OUTPUT[25]  ; 9.805  ;        ;        ; 9.805  ;
; INPUT[25]  ; Z           ;        ; 13.962 ; 13.962 ;        ;
; INPUT[26]  ; OUTPUT[25]  ; 10.271 ;        ;        ; 10.271 ;
; INPUT[26]  ; OUTPUT[26]  ; 9.068  ;        ;        ; 9.068  ;
; INPUT[26]  ; Z           ;        ; 13.571 ; 13.571 ;        ;
; INPUT[27]  ; OUTPUT[26]  ; 9.820  ;        ;        ; 9.820  ;
; INPUT[27]  ; OUTPUT[27]  ; 9.738  ;        ;        ; 9.738  ;
; INPUT[27]  ; Z           ;        ; 13.223 ; 13.223 ;        ;
; INPUT[28]  ; OUTPUT[27]  ; 10.391 ;        ;        ; 10.391 ;
; INPUT[28]  ; OUTPUT[28]  ; 9.329  ;        ;        ; 9.329  ;
; INPUT[28]  ; Z           ;        ; 13.312 ; 13.312 ;        ;
; INPUT[29]  ; OUTPUT[28]  ; 9.838  ;        ;        ; 9.838  ;
; INPUT[29]  ; OUTPUT[29]  ; 9.514  ;        ;        ; 9.514  ;
; INPUT[29]  ; Z           ;        ; 13.206 ; 13.206 ;        ;
; INPUT[30]  ; OUTPUT[29]  ; 11.461 ;        ;        ; 11.461 ;
; INPUT[30]  ; OUTPUT[30]  ; 12.192 ;        ;        ; 12.192 ;
; INPUT[30]  ; Z           ;        ; 14.248 ; 14.248 ;        ;
; INPUT[31]  ; N           ; 10.922 ;        ;        ; 10.922 ;
; INPUT[31]  ; OUTPUT[30]  ; 11.734 ;        ;        ; 11.734 ;
; INPUT[31]  ; OUTPUT[31]  ; 10.922 ;        ;        ; 10.922 ;
; INPUT[31]  ; Z           ;        ; 13.306 ; 13.306 ;        ;
; SLL8       ; N           ; 10.887 ; 10.887 ; 10.887 ; 10.887 ;
; SLL8       ; OUTPUT[0]   ; 9.910  ; 9.910  ; 9.910  ; 9.910  ;
; SLL8       ; OUTPUT[1]   ; 9.849  ; 9.849  ; 9.849  ; 9.849  ;
; SLL8       ; OUTPUT[2]   ; 10.353 ; 10.353 ; 10.353 ; 10.353 ;
; SLL8       ; OUTPUT[3]   ; 10.805 ; 10.805 ; 10.805 ; 10.805 ;
; SLL8       ; OUTPUT[4]   ; 9.981  ; 9.981  ; 9.981  ; 9.981  ;
; SLL8       ; OUTPUT[5]   ; 10.210 ; 10.210 ; 10.210 ; 10.210 ;
; SLL8       ; OUTPUT[6]   ; 10.626 ; 10.626 ; 10.626 ; 10.626 ;
; SLL8       ; OUTPUT[7]   ; 9.720  ; 9.720  ; 9.720  ; 9.720  ;
; SLL8       ; OUTPUT[8]   ; 10.234 ; 10.234 ; 10.234 ; 10.234 ;
; SLL8       ; OUTPUT[9]   ; 10.599 ; 10.599 ; 10.599 ; 10.599 ;
; SLL8       ; OUTPUT[10]  ; 10.854 ; 10.854 ; 10.854 ; 10.854 ;
; SLL8       ; OUTPUT[11]  ; 10.946 ; 10.946 ; 10.946 ; 10.946 ;
; SLL8       ; OUTPUT[12]  ; 11.177 ; 11.177 ; 11.177 ; 11.177 ;
; SLL8       ; OUTPUT[13]  ; 11.420 ; 11.420 ; 11.420 ; 11.420 ;
; SLL8       ; OUTPUT[14]  ; 9.991  ; 9.991  ; 9.991  ; 9.991  ;
; SLL8       ; OUTPUT[15]  ; 10.308 ; 10.308 ; 10.308 ; 10.308 ;
; SLL8       ; OUTPUT[16]  ; 10.526 ; 10.526 ; 10.526 ; 10.526 ;
; SLL8       ; OUTPUT[17]  ; 10.752 ; 10.752 ; 10.752 ; 10.752 ;
; SLL8       ; OUTPUT[18]  ; 10.209 ; 10.209 ; 10.209 ; 10.209 ;
; SLL8       ; OUTPUT[19]  ; 9.852  ; 9.852  ; 9.852  ; 9.852  ;
; SLL8       ; OUTPUT[20]  ; 9.881  ; 9.881  ; 9.881  ; 9.881  ;
; SLL8       ; OUTPUT[21]  ; 11.075 ; 11.075 ; 11.075 ; 11.075 ;
; SLL8       ; OUTPUT[22]  ; 10.578 ; 10.578 ; 10.578 ; 10.578 ;
; SLL8       ; OUTPUT[23]  ; 11.346 ; 11.346 ; 11.346 ; 11.346 ;
; SLL8       ; OUTPUT[24]  ; 10.801 ; 10.801 ; 10.801 ; 10.801 ;
; SLL8       ; OUTPUT[25]  ; 10.483 ; 10.483 ; 10.483 ; 10.483 ;
; SLL8       ; OUTPUT[26]  ; 9.772  ; 9.772  ; 9.772  ; 9.772  ;
; SLL8       ; OUTPUT[27]  ; 10.126 ; 10.126 ; 10.126 ; 10.126 ;
; SLL8       ; OUTPUT[28]  ; 9.883  ; 9.883  ; 9.883  ; 9.883  ;
; SLL8       ; OUTPUT[29]  ; 10.793 ; 10.793 ; 10.793 ; 10.793 ;
; SLL8       ; OUTPUT[30]  ; 11.521 ; 11.521 ; 11.521 ; 11.521 ;
; SLL8       ; OUTPUT[31]  ; 10.887 ; 10.887 ; 10.887 ; 10.887 ;
; SLL8       ; Z           ; 14.909 ; 14.909 ; 14.909 ; 14.909 ;
; SRA1       ; N           ; 10.582 ; 10.582 ; 10.582 ; 10.582 ;
; SRA1       ; OUTPUT[0]   ; 9.989  ; 9.989  ; 9.989  ; 9.989  ;
; SRA1       ; OUTPUT[1]   ; 9.929  ; 9.929  ; 9.929  ; 9.929  ;
; SRA1       ; OUTPUT[2]   ; 10.103 ; 10.103 ; 10.103 ; 10.103 ;
; SRA1       ; OUTPUT[3]   ; 10.560 ; 10.560 ; 10.560 ; 10.560 ;
; SRA1       ; OUTPUT[4]   ; 9.883  ; 9.883  ; 9.883  ; 9.883  ;
; SRA1       ; OUTPUT[5]   ; 10.096 ; 10.096 ; 10.096 ; 10.096 ;
; SRA1       ; OUTPUT[6]   ; 10.478 ; 10.478 ; 10.478 ; 10.478 ;
; SRA1       ; OUTPUT[7]   ; 9.594  ; 9.594  ; 9.594  ; 9.594  ;
; SRA1       ; OUTPUT[8]   ; 10.554 ; 10.554 ; 10.554 ; 10.554 ;
; SRA1       ; OUTPUT[9]   ; 10.678 ; 10.678 ; 10.678 ; 10.678 ;
; SRA1       ; OUTPUT[10]  ; 10.570 ; 10.570 ; 10.570 ; 10.570 ;
; SRA1       ; OUTPUT[11]  ; 11.126 ; 11.126 ; 11.126 ; 11.126 ;
; SRA1       ; OUTPUT[12]  ; 11.062 ; 11.062 ; 11.062 ; 11.062 ;
; SRA1       ; OUTPUT[13]  ; 11.149 ; 11.149 ; 11.149 ; 11.149 ;
; SRA1       ; OUTPUT[14]  ; 10.159 ; 10.159 ; 10.159 ; 10.159 ;
; SRA1       ; OUTPUT[15]  ; 10.476 ; 10.476 ; 10.476 ; 10.476 ;
; SRA1       ; OUTPUT[16]  ; 10.718 ; 10.718 ; 10.718 ; 10.718 ;
; SRA1       ; OUTPUT[17]  ; 10.830 ; 10.830 ; 10.830 ; 10.830 ;
; SRA1       ; OUTPUT[18]  ; 10.110 ; 10.110 ; 10.110 ; 10.110 ;
; SRA1       ; OUTPUT[19]  ; 9.801  ; 9.801  ; 9.801  ; 9.801  ;
; SRA1       ; OUTPUT[20]  ; 9.522  ; 9.522  ; 9.522  ; 9.522  ;
; SRA1       ; OUTPUT[21]  ; 10.947 ; 10.947 ; 10.947 ; 10.947 ;
; SRA1       ; OUTPUT[22]  ; 10.443 ; 10.443 ; 10.443 ; 10.443 ;
; SRA1       ; OUTPUT[23]  ; 11.543 ; 11.543 ; 11.543 ; 11.543 ;
; SRA1       ; OUTPUT[24]  ; 10.682 ; 10.682 ; 10.682 ; 10.682 ;
; SRA1       ; OUTPUT[25]  ; 10.645 ; 10.645 ; 10.645 ; 10.645 ;
; SRA1       ; OUTPUT[26]  ; 9.816  ; 9.816  ; 9.816  ; 9.816  ;
; SRA1       ; OUTPUT[27]  ; 10.184 ; 10.184 ; 10.184 ; 10.184 ;
; SRA1       ; OUTPUT[28]  ; 9.510  ; 9.510  ; 9.510  ; 9.510  ;
; SRA1       ; OUTPUT[29]  ; 10.661 ; 10.661 ; 10.661 ; 10.661 ;
; SRA1       ; OUTPUT[30]  ; 11.393 ; 11.393 ; 11.393 ; 11.393 ;
; SRA1       ; OUTPUT[31]  ; 10.582 ; 10.582 ; 10.582 ; 10.582 ;
; SRA1       ; Z           ; 14.987 ; 14.987 ; 14.987 ; 14.987 ;
+------------+-------------+--------+--------+--------+--------+


+--------------------------------------------------------------+
; Minimum Propagation Delay                                    ;
+------------+-------------+--------+--------+--------+--------+
; Input Port ; Output Port ; RR     ; RF     ; FR     ; FF     ;
+------------+-------------+--------+--------+--------+--------+
; INPUT[0]   ; OUTPUT[0]   ; 9.213  ;        ;        ; 9.213  ;
; INPUT[0]   ; OUTPUT[8]   ; 9.548  ;        ;        ; 9.548  ;
; INPUT[0]   ; Z           ;        ; 10.768 ; 10.768 ;        ;
; INPUT[1]   ; OUTPUT[0]   ; 9.180  ;        ;        ; 9.180  ;
; INPUT[1]   ; OUTPUT[1]   ; 9.120  ;        ;        ; 9.120  ;
; INPUT[1]   ; OUTPUT[9]   ; 9.868  ;        ;        ; 9.868  ;
; INPUT[1]   ; Z           ;        ; 10.604 ; 10.604 ;        ;
; INPUT[2]   ; OUTPUT[1]   ; 9.685  ;        ;        ; 9.685  ;
; INPUT[2]   ; OUTPUT[2]   ; 9.635  ;        ;        ; 9.635  ;
; INPUT[2]   ; OUTPUT[10]  ; 10.107 ;        ;        ; 10.107 ;
; INPUT[2]   ; Z           ;        ; 11.169 ; 11.169 ;        ;
; INPUT[3]   ; OUTPUT[2]   ; 10.279 ;        ;        ; 10.279 ;
; INPUT[3]   ; OUTPUT[3]   ; 10.735 ;        ;        ; 10.735 ;
; INPUT[3]   ; OUTPUT[11]  ; 11.022 ;        ;        ; 11.022 ;
; INPUT[3]   ; Z           ;        ; 12.494 ; 12.494 ;        ;
; INPUT[4]   ; OUTPUT[3]   ; 10.571 ;        ;        ; 10.571 ;
; INPUT[4]   ; OUTPUT[4]   ; 10.066 ;        ;        ; 10.066 ;
; INPUT[4]   ; OUTPUT[12]  ; 11.261 ;        ;        ; 11.261 ;
; INPUT[4]   ; Z           ;        ; 12.330 ; 12.330 ;        ;
; INPUT[5]   ; OUTPUT[4]   ; 9.843  ;        ;        ; 9.843  ;
; INPUT[5]   ; OUTPUT[5]   ; 10.100 ;        ;        ; 10.100 ;
; INPUT[5]   ; OUTPUT[13]  ; 10.971 ;        ;        ; 10.971 ;
; INPUT[5]   ; Z           ;        ; 12.108 ; 12.108 ;        ;
; INPUT[6]   ; OUTPUT[5]   ; 9.648  ;        ;        ; 9.648  ;
; INPUT[6]   ; OUTPUT[6]   ; 10.235 ;        ;        ; 10.235 ;
; INPUT[6]   ; OUTPUT[14]  ; 9.769  ;        ;        ; 9.769  ;
; INPUT[6]   ; Z           ;        ; 11.656 ; 11.656 ;        ;
; INPUT[7]   ; OUTPUT[6]   ; 10.191 ;        ;        ; 10.191 ;
; INPUT[7]   ; OUTPUT[7]   ; 9.308  ;        ;        ; 9.308  ;
; INPUT[7]   ; OUTPUT[15]  ; 10.314 ;        ;        ; 10.314 ;
; INPUT[7]   ; Z           ;        ; 11.865 ; 11.865 ;        ;
; INPUT[8]   ; OUTPUT[7]   ; 9.420  ;        ;        ; 9.420  ;
; INPUT[8]   ; OUTPUT[8]   ; 8.976  ;        ;        ; 8.976  ;
; INPUT[8]   ; OUTPUT[16]  ; 10.118 ;        ;        ; 10.118 ;
; INPUT[8]   ; Z           ;        ; 11.139 ; 11.139 ;        ;
; INPUT[9]   ; OUTPUT[8]   ; 9.537  ;        ;        ; 9.537  ;
; INPUT[9]   ; OUTPUT[9]   ; 9.526  ;        ;        ; 9.526  ;
; INPUT[9]   ; OUTPUT[17]  ; 10.352 ;        ;        ; 10.352 ;
; INPUT[9]   ; Z           ;        ; 11.617 ; 11.617 ;        ;
; INPUT[10]  ; OUTPUT[9]   ; 10.426 ;        ;        ; 10.426 ;
; INPUT[10]  ; OUTPUT[10]  ; 9.755  ;        ;        ; 9.755  ;
; INPUT[10]  ; OUTPUT[18]  ; 10.222 ;        ;        ; 10.222 ;
; INPUT[10]  ; Z           ;        ; 12.141 ; 12.141 ;        ;
; INPUT[11]  ; OUTPUT[10]  ; 10.799 ;        ;        ; 10.799 ;
; INPUT[11]  ; OUTPUT[11]  ; 10.576 ;        ;        ; 10.576 ;
; INPUT[11]  ; OUTPUT[19]  ; 9.535  ;        ;        ; 9.535  ;
; INPUT[11]  ; Z           ;        ; 12.711 ; 12.711 ;        ;
; INPUT[12]  ; OUTPUT[11]  ; 10.753 ;        ;        ; 10.753 ;
; INPUT[12]  ; OUTPUT[12]  ; 10.487 ;        ;        ; 10.487 ;
; INPUT[12]  ; OUTPUT[20]  ; 9.668  ;        ;        ; 9.668  ;
; INPUT[12]  ; Z           ;        ; 12.430 ; 12.430 ;        ;
; INPUT[13]  ; OUTPUT[12]  ; 11.037 ;        ;        ; 11.037 ;
; INPUT[13]  ; OUTPUT[13]  ; 10.406 ;        ;        ; 10.406 ;
; INPUT[13]  ; OUTPUT[21]  ; 11.557 ;        ;        ; 11.557 ;
; INPUT[13]  ; Z           ;        ; 12.538 ; 12.538 ;        ;
; INPUT[14]  ; OUTPUT[13]  ; 11.302 ;        ;        ; 11.302 ;
; INPUT[14]  ; OUTPUT[14]  ; 9.633  ;        ;        ; 9.633  ;
; INPUT[14]  ; OUTPUT[22]  ; 10.626 ;        ;        ; 10.626 ;
; INPUT[14]  ; Z           ;        ; 13.434 ; 13.434 ;        ;
; INPUT[15]  ; OUTPUT[14]  ; 9.533  ;        ;        ; 9.533  ;
; INPUT[15]  ; OUTPUT[15]  ; 9.180  ;        ;        ; 9.180  ;
; INPUT[15]  ; OUTPUT[23]  ; 10.894 ;        ;        ; 10.894 ;
; INPUT[15]  ; Z           ;        ; 12.988 ; 12.988 ;        ;
; INPUT[16]  ; OUTPUT[15]  ; 9.862  ;        ;        ; 9.862  ;
; INPUT[16]  ; OUTPUT[16]  ; 9.214  ;        ;        ; 9.214  ;
; INPUT[16]  ; OUTPUT[24]  ; 10.223 ;        ;        ; 10.223 ;
; INPUT[16]  ; Z           ;        ; 12.782 ; 12.782 ;        ;
; INPUT[17]  ; OUTPUT[16]  ; 10.374 ;        ;        ; 10.374 ;
; INPUT[17]  ; OUTPUT[17]  ; 9.456  ;        ;        ; 9.456  ;
; INPUT[17]  ; OUTPUT[25]  ; 10.325 ;        ;        ; 10.325 ;
; INPUT[17]  ; Z           ;        ; 13.613 ; 13.613 ;        ;
; INPUT[18]  ; OUTPUT[17]  ; 10.283 ;        ;        ; 10.283 ;
; INPUT[18]  ; OUTPUT[18]  ; 10.045 ;        ;        ; 10.045 ;
; INPUT[18]  ; OUTPUT[26]  ; 10.147 ;        ;        ; 10.147 ;
; INPUT[18]  ; Z           ;        ; 13.058 ; 13.058 ;        ;
; INPUT[19]  ; OUTPUT[18]  ; 9.866  ;        ;        ; 9.866  ;
; INPUT[19]  ; OUTPUT[19]  ; 8.861  ;        ;        ; 8.861  ;
; INPUT[19]  ; OUTPUT[27]  ; 9.930  ;        ;        ; 9.930  ;
; INPUT[19]  ; Z           ;        ; 12.391 ; 12.391 ;        ;
; INPUT[20]  ; OUTPUT[19]  ; 9.909  ;        ;        ; 9.909  ;
; INPUT[20]  ; OUTPUT[20]  ; 9.430  ;        ;        ; 9.430  ;
; INPUT[20]  ; OUTPUT[28]  ; 9.910  ;        ;        ; 9.910  ;
; INPUT[20]  ; Z           ;        ; 13.091 ; 13.091 ;        ;
; INPUT[21]  ; OUTPUT[20]  ; 10.263 ;        ;        ; 10.263 ;
; INPUT[21]  ; OUTPUT[21]  ; 10.231 ;        ;        ; 10.231 ;
; INPUT[21]  ; OUTPUT[29]  ; 10.864 ;        ;        ; 10.864 ;
; INPUT[21]  ; Z           ;        ; 13.238 ; 13.238 ;        ;
; INPUT[22]  ; OUTPUT[21]  ; 11.667 ;        ;        ; 11.667 ;
; INPUT[22]  ; OUTPUT[22]  ; 10.360 ;        ;        ; 10.360 ;
; INPUT[22]  ; OUTPUT[30]  ; 11.305 ;        ;        ; 11.305 ;
; INPUT[22]  ; Z           ;        ; 12.877 ; 12.877 ;        ;
; INPUT[23]  ; N           ; 11.199 ;        ;        ; 11.199 ;
; INPUT[23]  ; OUTPUT[22]  ; 11.237 ;        ;        ; 11.237 ;
; INPUT[23]  ; OUTPUT[23]  ; 10.914 ;        ;        ; 10.914 ;
; INPUT[23]  ; OUTPUT[31]  ; 11.199 ;        ;        ; 11.199 ;
; INPUT[23]  ; Z           ;        ; 12.559 ; 12.559 ;        ;
; INPUT[24]  ; OUTPUT[23]  ; 11.157 ;        ;        ; 11.157 ;
; INPUT[24]  ; OUTPUT[24]  ; 9.529  ;        ;        ; 9.529  ;
; INPUT[24]  ; Z           ;        ; 13.022 ; 13.022 ;        ;
; INPUT[25]  ; OUTPUT[24]  ; 10.469 ;        ;        ; 10.469 ;
; INPUT[25]  ; OUTPUT[25]  ; 9.805  ;        ;        ; 9.805  ;
; INPUT[25]  ; Z           ;        ; 13.105 ; 13.105 ;        ;
; INPUT[26]  ; OUTPUT[25]  ; 10.271 ;        ;        ; 10.271 ;
; INPUT[26]  ; OUTPUT[26]  ; 9.068  ;        ;        ; 9.068  ;
; INPUT[26]  ; Z           ;        ; 12.471 ; 12.471 ;        ;
; INPUT[27]  ; OUTPUT[26]  ; 9.820  ;        ;        ; 9.820  ;
; INPUT[27]  ; OUTPUT[27]  ; 9.738  ;        ;        ; 9.738  ;
; INPUT[27]  ; Z           ;        ; 12.659 ; 12.659 ;        ;
; INPUT[28]  ; OUTPUT[27]  ; 10.391 ;        ;        ; 10.391 ;
; INPUT[28]  ; OUTPUT[28]  ; 9.329  ;        ;        ; 9.329  ;
; INPUT[28]  ; Z           ;        ; 12.697 ; 12.697 ;        ;
; INPUT[29]  ; OUTPUT[28]  ; 9.838  ;        ;        ; 9.838  ;
; INPUT[29]  ; OUTPUT[29]  ; 9.514  ;        ;        ; 9.514  ;
; INPUT[29]  ; Z           ;        ; 12.301 ; 12.301 ;        ;
; INPUT[30]  ; OUTPUT[29]  ; 11.461 ;        ;        ; 11.461 ;
; INPUT[30]  ; OUTPUT[30]  ; 12.192 ;        ;        ; 12.192 ;
; INPUT[30]  ; Z           ;        ; 13.764 ; 13.764 ;        ;
; INPUT[31]  ; N           ; 10.922 ;        ;        ; 10.922 ;
; INPUT[31]  ; OUTPUT[30]  ; 11.734 ;        ;        ; 11.734 ;
; INPUT[31]  ; OUTPUT[31]  ; 10.922 ;        ;        ; 10.922 ;
; INPUT[31]  ; Z           ;        ; 12.282 ; 12.282 ;        ;
; SLL8       ; N           ; 10.887 ; 10.887 ; 10.887 ; 10.887 ;
; SLL8       ; OUTPUT[0]   ; 9.910  ; 9.910  ; 9.910  ; 9.910  ;
; SLL8       ; OUTPUT[1]   ; 9.849  ; 9.849  ; 9.849  ; 9.849  ;
; SLL8       ; OUTPUT[2]   ; 10.353 ; 10.353 ; 10.353 ; 10.353 ;
; SLL8       ; OUTPUT[3]   ; 10.805 ; 10.805 ; 10.805 ; 10.805 ;
; SLL8       ; OUTPUT[4]   ; 9.981  ; 9.981  ; 9.981  ; 9.981  ;
; SLL8       ; OUTPUT[5]   ; 10.210 ; 10.210 ; 10.210 ; 10.210 ;
; SLL8       ; OUTPUT[6]   ; 10.626 ; 10.626 ; 10.626 ; 10.626 ;
; SLL8       ; OUTPUT[7]   ; 9.720  ; 9.720  ; 9.720  ; 9.720  ;
; SLL8       ; OUTPUT[8]   ; 9.738  ; 9.738  ; 9.738  ; 9.738  ;
; SLL8       ; OUTPUT[9]   ; 9.918  ; 9.918  ; 9.918  ; 9.918  ;
; SLL8       ; OUTPUT[10]  ; 9.972  ; 9.972  ; 9.972  ; 9.972  ;
; SLL8       ; OUTPUT[11]  ; 10.630 ; 10.630 ; 10.630 ; 10.630 ;
; SLL8       ; OUTPUT[12]  ; 10.745 ; 10.745 ; 10.745 ; 10.745 ;
; SLL8       ; OUTPUT[13]  ; 10.547 ; 10.547 ; 10.547 ; 10.547 ;
; SLL8       ; OUTPUT[14]  ; 9.769  ; 9.769  ; 9.769  ; 9.769  ;
; SLL8       ; OUTPUT[15]  ; 9.636  ; 9.636  ; 9.636  ; 9.636  ;
; SLL8       ; OUTPUT[16]  ; 9.820  ; 9.820  ; 9.820  ; 9.820  ;
; SLL8       ; OUTPUT[17]  ; 9.606  ; 9.606  ; 9.606  ; 9.606  ;
; SLL8       ; OUTPUT[18]  ; 9.663  ; 9.663  ; 9.663  ; 9.663  ;
; SLL8       ; OUTPUT[19]  ; 9.069  ; 9.069  ; 9.069  ; 9.069  ;
; SLL8       ; OUTPUT[20]  ; 9.073  ; 9.073  ; 9.073  ; 9.073  ;
; SLL8       ; OUTPUT[21]  ; 10.160 ; 10.160 ; 10.160 ; 10.160 ;
; SLL8       ; OUTPUT[22]  ; 10.085 ; 10.085 ; 10.085 ; 10.085 ;
; SLL8       ; OUTPUT[23]  ; 10.600 ; 10.600 ; 10.600 ; 10.600 ;
; SLL8       ; OUTPUT[24]  ; 9.995  ; 9.995  ; 9.995  ; 9.995  ;
; SLL8       ; OUTPUT[25]  ; 10.169 ; 10.169 ; 10.169 ; 10.169 ;
; SLL8       ; OUTPUT[26]  ; 9.069  ; 9.069  ; 9.069  ; 9.069  ;
; SLL8       ; OUTPUT[27]  ; 9.429  ; 9.429  ; 9.429  ; 9.429  ;
; SLL8       ; OUTPUT[28]  ; 9.071  ; 9.071  ; 9.071  ; 9.071  ;
; SLL8       ; OUTPUT[29]  ; 9.414  ; 9.414  ; 9.414  ; 9.414  ;
; SLL8       ; OUTPUT[30]  ; 11.035 ; 11.521 ; 11.521 ; 11.035 ;
; SLL8       ; OUTPUT[31]  ; 10.887 ; 10.887 ; 10.887 ; 10.887 ;
; SLL8       ; Z           ; 11.333 ; 11.333 ; 11.333 ; 11.333 ;
; SRA1       ; N           ; 10.582 ; 10.582 ; 10.582 ; 10.582 ;
; SRA1       ; OUTPUT[0]   ; 9.989  ; 9.989  ; 9.989  ; 9.989  ;
; SRA1       ; OUTPUT[1]   ; 9.929  ; 9.929  ; 9.929  ; 9.929  ;
; SRA1       ; OUTPUT[2]   ; 10.103 ; 10.103 ; 10.103 ; 10.103 ;
; SRA1       ; OUTPUT[3]   ; 10.560 ; 10.560 ; 10.560 ; 10.560 ;
; SRA1       ; OUTPUT[4]   ; 9.883  ; 9.883  ; 9.883  ; 9.883  ;
; SRA1       ; OUTPUT[5]   ; 10.096 ; 10.096 ; 10.096 ; 10.096 ;
; SRA1       ; OUTPUT[6]   ; 10.478 ; 10.478 ; 10.478 ; 10.478 ;
; SRA1       ; OUTPUT[7]   ; 9.594  ; 9.594  ; 9.594  ; 9.594  ;
; SRA1       ; OUTPUT[8]   ; 9.645  ; 9.645  ; 9.645  ; 9.645  ;
; SRA1       ; OUTPUT[9]   ; 9.998  ; 9.998  ; 9.998  ; 9.998  ;
; SRA1       ; OUTPUT[10]  ; 9.875  ; 9.875  ; 9.875  ; 9.875  ;
; SRA1       ; OUTPUT[11]  ; 10.341 ; 10.341 ; 10.341 ; 10.341 ;
; SRA1       ; OUTPUT[12]  ; 10.879 ; 10.879 ; 10.879 ; 10.879 ;
; SRA1       ; OUTPUT[13]  ; 10.435 ; 10.435 ; 10.435 ; 10.435 ;
; SRA1       ; OUTPUT[14]  ; 9.617  ; 9.617  ; 9.617  ; 9.617  ;
; SRA1       ; OUTPUT[15]  ; 9.828  ; 9.828  ; 9.828  ; 9.828  ;
; SRA1       ; OUTPUT[16]  ; 9.670  ; 9.670  ; 9.670  ; 9.670  ;
; SRA1       ; OUTPUT[17]  ; 9.811  ; 9.811  ; 9.811  ; 9.811  ;
; SRA1       ; OUTPUT[18]  ; 9.740  ; 9.740  ; 9.740  ; 9.740  ;
; SRA1       ; OUTPUT[19]  ; 9.124  ; 9.124  ; 9.124  ; 9.124  ;
; SRA1       ; OUTPUT[20]  ; 8.843  ; 8.843  ; 8.843  ; 8.843  ;
; SRA1       ; OUTPUT[21]  ; 10.033 ; 10.033 ; 10.033 ; 10.033 ;
; SRA1       ; OUTPUT[22]  ; 9.786  ; 9.786  ; 9.786  ; 9.786  ;
; SRA1       ; OUTPUT[23]  ; 10.292 ; 10.292 ; 10.292 ; 10.292 ;
; SRA1       ; OUTPUT[24]  ; 10.195 ; 10.195 ; 10.195 ; 10.195 ;
; SRA1       ; OUTPUT[25]  ; 9.509  ; 9.509  ; 9.509  ; 9.509  ;
; SRA1       ; OUTPUT[26]  ; 9.126  ; 9.126  ; 9.126  ; 9.126  ;
; SRA1       ; OUTPUT[27]  ; 9.196  ; 9.196  ; 9.196  ; 9.196  ;
; SRA1       ; OUTPUT[28]  ; 8.844  ; 8.844  ; 8.844  ; 8.844  ;
; SRA1       ; OUTPUT[29]  ; 9.197  ; 9.197  ; 9.197  ; 9.197  ;
; SRA1       ; OUTPUT[30]  ; 11.393 ; 10.734 ; 10.734 ; 11.393 ;
; SRA1       ; OUTPUT[31]  ; 10.582 ; 10.582 ; 10.582 ; 10.582 ;
; SRA1       ; Z           ; 11.413 ; 11.413 ; 11.413 ; 11.413 ;
+------------+-------------+--------+--------+--------+--------+


----------------------------
; Fast Model Setup Summary ;
----------------------------
No paths to report.


---------------------------
; Fast Model Hold Summary ;
---------------------------
No paths to report.


-------------------------------
; Fast Model Recovery Summary ;
-------------------------------
No paths to report.


------------------------------
; Fast Model Removal Summary ;
------------------------------
No paths to report.


------------------------------------------
; Fast Model Minimum Pulse Width Summary ;
------------------------------------------
No paths to report.


+----------------------------------------------------------+
; Propagation Delay                                        ;
+------------+-------------+-------+-------+-------+-------+
; Input Port ; Output Port ; RR    ; RF    ; FR    ; FF    ;
+------------+-------------+-------+-------+-------+-------+
; INPUT[0]   ; OUTPUT[0]   ; 5.188 ;       ;       ; 5.188 ;
; INPUT[0]   ; OUTPUT[8]   ; 5.271 ;       ;       ; 5.271 ;
; INPUT[0]   ; Z           ;       ; 6.310 ; 6.310 ;       ;
; INPUT[1]   ; OUTPUT[0]   ; 5.181 ;       ;       ; 5.181 ;
; INPUT[1]   ; OUTPUT[1]   ; 5.097 ;       ;       ; 5.097 ;
; INPUT[1]   ; OUTPUT[9]   ; 5.473 ;       ;       ; 5.473 ;
; INPUT[1]   ; Z           ;       ; 6.401 ; 6.401 ;       ;
; INPUT[2]   ; OUTPUT[1]   ; 5.326 ;       ;       ; 5.326 ;
; INPUT[2]   ; OUTPUT[2]   ; 5.376 ;       ;       ; 5.376 ;
; INPUT[2]   ; OUTPUT[10]  ; 5.554 ;       ;       ; 5.554 ;
; INPUT[2]   ; Z           ;       ; 6.606 ; 6.606 ;       ;
; INPUT[3]   ; OUTPUT[2]   ; 5.685 ;       ;       ; 5.685 ;
; INPUT[3]   ; OUTPUT[3]   ; 5.887 ;       ;       ; 5.887 ;
; INPUT[3]   ; OUTPUT[11]  ; 6.010 ;       ;       ; 6.010 ;
; INPUT[3]   ; Z           ;       ; 6.958 ; 6.958 ;       ;
; INPUT[4]   ; OUTPUT[3]   ; 5.805 ;       ;       ; 5.805 ;
; INPUT[4]   ; OUTPUT[4]   ; 5.566 ;       ;       ; 5.566 ;
; INPUT[4]   ; OUTPUT[12]  ; 6.112 ;       ;       ; 6.112 ;
; INPUT[4]   ; Z           ;       ; 6.962 ; 6.962 ;       ;
; INPUT[5]   ; OUTPUT[4]   ; 5.486 ;       ;       ; 5.486 ;
; INPUT[5]   ; OUTPUT[5]   ; 5.601 ;       ;       ; 5.601 ;
; INPUT[5]   ; OUTPUT[13]  ; 5.990 ;       ;       ; 5.990 ;
; INPUT[5]   ; Z           ;       ; 6.899 ; 6.899 ;       ;
; INPUT[6]   ; OUTPUT[5]   ; 5.396 ;       ;       ; 5.396 ;
; INPUT[6]   ; OUTPUT[6]   ; 5.679 ;       ;       ; 5.679 ;
; INPUT[6]   ; OUTPUT[14]  ; 5.404 ;       ;       ; 5.404 ;
; INPUT[6]   ; Z           ;       ; 7.222 ; 7.222 ;       ;
; INPUT[7]   ; OUTPUT[6]   ; 5.644 ;       ;       ; 5.644 ;
; INPUT[7]   ; OUTPUT[7]   ; 5.180 ;       ;       ; 5.180 ;
; INPUT[7]   ; OUTPUT[15]  ; 5.623 ;       ;       ; 5.623 ;
; INPUT[7]   ; Z           ;       ; 7.407 ; 7.407 ;       ;
; INPUT[8]   ; OUTPUT[7]   ; 5.252 ;       ;       ; 5.252 ;
; INPUT[8]   ; OUTPUT[8]   ; 5.029 ;       ;       ; 5.029 ;
; INPUT[8]   ; OUTPUT[16]  ; 5.569 ;       ;       ; 5.569 ;
; INPUT[8]   ; Z           ;       ; 7.218 ; 7.218 ;       ;
; INPUT[9]   ; OUTPUT[8]   ; 5.276 ;       ;       ; 5.276 ;
; INPUT[9]   ; OUTPUT[9]   ; 5.329 ;       ;       ; 5.329 ;
; INPUT[9]   ; OUTPUT[17]  ; 5.639 ;       ;       ; 5.639 ;
; INPUT[9]   ; Z           ;       ; 7.574 ; 7.574 ;       ;
; INPUT[10]  ; OUTPUT[9]   ; 5.728 ;       ;       ; 5.728 ;
; INPUT[10]  ; OUTPUT[10]  ; 5.448 ;       ;       ; 5.448 ;
; INPUT[10]  ; OUTPUT[18]  ; 5.651 ;       ;       ; 5.651 ;
; INPUT[10]  ; Z           ;       ; 7.016 ; 7.016 ;       ;
; INPUT[11]  ; OUTPUT[10]  ; 5.920 ;       ;       ; 5.920 ;
; INPUT[11]  ; OUTPUT[11]  ; 5.848 ;       ;       ; 5.848 ;
; INPUT[11]  ; OUTPUT[19]  ; 5.266 ;       ;       ; 5.266 ;
; INPUT[11]  ; Z           ;       ; 6.972 ; 6.972 ;       ;
; INPUT[12]  ; OUTPUT[11]  ; 5.910 ;       ;       ; 5.910 ;
; INPUT[12]  ; OUTPUT[12]  ; 5.805 ;       ;       ; 5.805 ;
; INPUT[12]  ; OUTPUT[20]  ; 5.323 ;       ;       ; 5.323 ;
; INPUT[12]  ; Z           ;       ; 7.043 ; 7.043 ;       ;
; INPUT[13]  ; OUTPUT[12]  ; 6.031 ;       ;       ; 6.031 ;
; INPUT[13]  ; OUTPUT[13]  ; 5.762 ;       ;       ; 5.762 ;
; INPUT[13]  ; OUTPUT[21]  ; 6.258 ;       ;       ; 6.258 ;
; INPUT[13]  ; Z           ;       ; 7.603 ; 7.603 ;       ;
; INPUT[14]  ; OUTPUT[13]  ; 6.153 ;       ;       ; 6.153 ;
; INPUT[14]  ; OUTPUT[14]  ; 5.336 ;       ;       ; 5.336 ;
; INPUT[14]  ; OUTPUT[22]  ; 5.813 ;       ;       ; 5.813 ;
; INPUT[14]  ; Z           ;       ; 7.387 ; 7.387 ;       ;
; INPUT[15]  ; OUTPUT[14]  ; 5.282 ;       ;       ; 5.282 ;
; INPUT[15]  ; OUTPUT[15]  ; 5.134 ;       ;       ; 5.134 ;
; INPUT[15]  ; OUTPUT[23]  ; 5.960 ;       ;       ; 5.960 ;
; INPUT[15]  ; Z           ;       ; 7.205 ; 7.205 ;       ;
; INPUT[16]  ; OUTPUT[15]  ; 5.430 ;       ;       ; 5.430 ;
; INPUT[16]  ; OUTPUT[16]  ; 5.167 ;       ;       ; 5.167 ;
; INPUT[16]  ; OUTPUT[24]  ; 5.652 ;       ;       ; 5.652 ;
; INPUT[16]  ; Z           ;       ; 7.257 ; 7.257 ;       ;
; INPUT[17]  ; OUTPUT[16]  ; 5.670 ;       ;       ; 5.670 ;
; INPUT[17]  ; OUTPUT[17]  ; 5.263 ;       ;       ; 5.263 ;
; INPUT[17]  ; OUTPUT[25]  ; 5.718 ;       ;       ; 5.718 ;
; INPUT[17]  ; Z           ;       ; 7.319 ; 7.319 ;       ;
; INPUT[18]  ; OUTPUT[17]  ; 5.612 ;       ;       ; 5.612 ;
; INPUT[18]  ; OUTPUT[18]  ; 5.592 ;       ;       ; 5.592 ;
; INPUT[18]  ; OUTPUT[26]  ; 5.554 ;       ;       ; 5.554 ;
; INPUT[18]  ; Z           ;       ; 7.547 ; 7.547 ;       ;
; INPUT[19]  ; OUTPUT[18]  ; 5.495 ;       ;       ; 5.495 ;
; INPUT[19]  ; OUTPUT[19]  ; 4.979 ;       ;       ; 4.979 ;
; INPUT[19]  ; OUTPUT[27]  ; 5.511 ;       ;       ; 5.511 ;
; INPUT[19]  ; Z           ;       ; 6.860 ; 6.860 ;       ;
; INPUT[20]  ; OUTPUT[19]  ; 5.408 ;       ;       ; 5.408 ;
; INPUT[20]  ; OUTPUT[20]  ; 5.217 ;       ;       ; 5.217 ;
; INPUT[20]  ; OUTPUT[28]  ; 5.417 ;       ;       ; 5.417 ;
; INPUT[20]  ; Z           ;       ; 7.055 ; 7.055 ;       ;
; INPUT[21]  ; OUTPUT[20]  ; 5.587 ;       ;       ; 5.587 ;
; INPUT[21]  ; OUTPUT[21]  ; 5.667 ;       ;       ; 5.667 ;
; INPUT[21]  ; OUTPUT[29]  ; 5.931 ;       ;       ; 5.931 ;
; INPUT[21]  ; Z           ;       ; 7.307 ; 7.307 ;       ;
; INPUT[22]  ; OUTPUT[21]  ; 6.328 ;       ;       ; 6.328 ;
; INPUT[22]  ; OUTPUT[22]  ; 5.724 ;       ;       ; 5.724 ;
; INPUT[22]  ; OUTPUT[30]  ; 6.207 ;       ;       ; 6.207 ;
; INPUT[22]  ; Z           ;       ; 7.673 ; 7.673 ;       ;
; INPUT[23]  ; N           ; 6.154 ;       ;       ; 6.154 ;
; INPUT[23]  ; OUTPUT[22]  ; 6.122 ;       ;       ; 6.122 ;
; INPUT[23]  ; OUTPUT[23]  ; 6.003 ;       ;       ; 6.003 ;
; INPUT[23]  ; OUTPUT[31]  ; 6.154 ;       ;       ; 6.154 ;
; INPUT[23]  ; Z           ;       ; 7.696 ; 7.696 ;       ;
; INPUT[24]  ; OUTPUT[23]  ; 6.073 ;       ;       ; 6.073 ;
; INPUT[24]  ; OUTPUT[24]  ; 5.350 ;       ;       ; 5.350 ;
; INPUT[24]  ; Z           ;       ; 7.318 ; 7.318 ;       ;
; INPUT[25]  ; OUTPUT[24]  ; 5.752 ;       ;       ; 5.752 ;
; INPUT[25]  ; OUTPUT[25]  ; 5.470 ;       ;       ; 5.470 ;
; INPUT[25]  ; Z           ;       ; 7.357 ; 7.357 ;       ;
; INPUT[26]  ; OUTPUT[25]  ; 5.694 ;       ;       ; 5.694 ;
; INPUT[26]  ; OUTPUT[26]  ; 5.077 ;       ;       ; 5.077 ;
; INPUT[26]  ; Z           ;       ; 7.180 ; 7.180 ;       ;
; INPUT[27]  ; OUTPUT[26]  ; 5.369 ;       ;       ; 5.369 ;
; INPUT[27]  ; OUTPUT[27]  ; 5.415 ;       ;       ; 5.415 ;
; INPUT[27]  ; Z           ;       ; 6.961 ; 6.961 ;       ;
; INPUT[28]  ; OUTPUT[27]  ; 5.702 ;       ;       ; 5.702 ;
; INPUT[28]  ; OUTPUT[28]  ; 5.182 ;       ;       ; 5.182 ;
; INPUT[28]  ; Z           ;       ; 6.995 ; 6.995 ;       ;
; INPUT[29]  ; OUTPUT[28]  ; 5.412 ;       ;       ; 5.412 ;
; INPUT[29]  ; OUTPUT[29]  ; 5.335 ;       ;       ; 5.335 ;
; INPUT[29]  ; Z           ;       ; 6.994 ; 6.994 ;       ;
; INPUT[30]  ; OUTPUT[29]  ; 6.233 ;       ;       ; 6.233 ;
; INPUT[30]  ; OUTPUT[30]  ; 6.605 ;       ;       ; 6.605 ;
; INPUT[30]  ; Z           ;       ; 7.469 ; 7.469 ;       ;
; INPUT[31]  ; N           ; 6.006 ;       ;       ; 6.006 ;
; INPUT[31]  ; OUTPUT[30]  ; 6.373 ;       ;       ; 6.373 ;
; INPUT[31]  ; OUTPUT[31]  ; 6.006 ;       ;       ; 6.006 ;
; INPUT[31]  ; Z           ;       ; 7.010 ; 7.010 ;       ;
; SLL8       ; N           ; 5.993 ; 5.993 ; 5.993 ; 5.993 ;
; SLL8       ; OUTPUT[0]   ; 5.524 ; 5.524 ; 5.524 ; 5.524 ;
; SLL8       ; OUTPUT[1]   ; 5.438 ; 5.438 ; 5.438 ; 5.438 ;
; SLL8       ; OUTPUT[2]   ; 5.752 ; 5.752 ; 5.752 ; 5.752 ;
; SLL8       ; OUTPUT[3]   ; 5.957 ; 5.957 ; 5.957 ; 5.957 ;
; SLL8       ; OUTPUT[4]   ; 5.558 ; 5.558 ; 5.558 ; 5.558 ;
; SLL8       ; OUTPUT[5]   ; 5.673 ; 5.673 ; 5.673 ; 5.673 ;
; SLL8       ; OUTPUT[6]   ; 5.855 ; 5.855 ; 5.855 ; 5.855 ;
; SLL8       ; OUTPUT[7]   ; 5.393 ; 5.393 ; 5.393 ; 5.393 ;
; SLL8       ; OUTPUT[8]   ; 5.595 ; 5.595 ; 5.595 ; 5.595 ;
; SLL8       ; OUTPUT[9]   ; 5.817 ; 5.817 ; 5.817 ; 5.817 ;
; SLL8       ; OUTPUT[10]  ; 5.933 ; 5.933 ; 5.933 ; 5.933 ;
; SLL8       ; OUTPUT[11]  ; 5.995 ; 5.995 ; 5.995 ; 5.995 ;
; SLL8       ; OUTPUT[12]  ; 6.106 ; 6.106 ; 6.106 ; 6.106 ;
; SLL8       ; OUTPUT[13]  ; 6.209 ; 6.209 ; 6.209 ; 6.209 ;
; SLL8       ; OUTPUT[14]  ; 5.495 ; 5.495 ; 5.495 ; 5.495 ;
; SLL8       ; OUTPUT[15]  ; 5.633 ; 5.633 ; 5.633 ; 5.633 ;
; SLL8       ; OUTPUT[16]  ; 5.736 ; 5.736 ; 5.736 ; 5.736 ;
; SLL8       ; OUTPUT[17]  ; 5.838 ; 5.838 ; 5.838 ; 5.838 ;
; SLL8       ; OUTPUT[18]  ; 5.658 ; 5.658 ; 5.658 ; 5.658 ;
; SLL8       ; OUTPUT[19]  ; 5.432 ; 5.432 ; 5.432 ; 5.432 ;
; SLL8       ; OUTPUT[20]  ; 5.440 ; 5.440 ; 5.440 ; 5.440 ;
; SLL8       ; OUTPUT[21]  ; 6.041 ; 6.041 ; 6.041 ; 6.041 ;
; SLL8       ; OUTPUT[22]  ; 5.795 ; 5.795 ; 5.795 ; 5.795 ;
; SLL8       ; OUTPUT[23]  ; 6.172 ; 6.172 ; 6.172 ; 6.172 ;
; SLL8       ; OUTPUT[24]  ; 5.924 ; 5.924 ; 5.924 ; 5.924 ;
; SLL8       ; OUTPUT[25]  ; 5.780 ; 5.780 ; 5.780 ; 5.780 ;
; SLL8       ; OUTPUT[26]  ; 5.373 ; 5.373 ; 5.373 ; 5.373 ;
; SLL8       ; OUTPUT[27]  ; 5.597 ; 5.597 ; 5.597 ; 5.597 ;
; SLL8       ; OUTPUT[28]  ; 5.443 ; 5.443 ; 5.443 ; 5.443 ;
; SLL8       ; OUTPUT[29]  ; 5.902 ; 5.902 ; 5.902 ; 5.902 ;
; SLL8       ; OUTPUT[30]  ; 6.280 ; 6.280 ; 6.280 ; 6.280 ;
; SLL8       ; OUTPUT[31]  ; 5.993 ; 5.993 ; 5.993 ; 5.993 ;
; SLL8       ; Z           ; 7.773 ; 7.773 ; 7.773 ; 7.773 ;
; SRA1       ; N           ; 5.872 ; 5.872 ; 5.872 ; 5.872 ;
; SRA1       ; OUTPUT[0]   ; 5.565 ; 5.565 ; 5.565 ; 5.565 ;
; SRA1       ; OUTPUT[1]   ; 5.481 ; 5.481 ; 5.481 ; 5.481 ;
; SRA1       ; OUTPUT[2]   ; 5.643 ; 5.643 ; 5.643 ; 5.643 ;
; SRA1       ; OUTPUT[3]   ; 5.849 ; 5.849 ; 5.849 ; 5.849 ;
; SRA1       ; OUTPUT[4]   ; 5.535 ; 5.535 ; 5.535 ; 5.535 ;
; SRA1       ; OUTPUT[5]   ; 5.634 ; 5.634 ; 5.634 ; 5.634 ;
; SRA1       ; OUTPUT[6]   ; 5.792 ; 5.792 ; 5.792 ; 5.792 ;
; SRA1       ; OUTPUT[7]   ; 5.328 ; 5.328 ; 5.328 ; 5.328 ;
; SRA1       ; OUTPUT[8]   ; 5.758 ; 5.758 ; 5.758 ; 5.758 ;
; SRA1       ; OUTPUT[9]   ; 5.857 ; 5.857 ; 5.857 ; 5.857 ;
; SRA1       ; OUTPUT[10]  ; 5.820 ; 5.820 ; 5.820 ; 5.820 ;
; SRA1       ; OUTPUT[11]  ; 6.099 ; 6.099 ; 6.099 ; 6.099 ;
; SRA1       ; OUTPUT[12]  ; 6.067 ; 6.067 ; 6.067 ; 6.067 ;
; SRA1       ; OUTPUT[13]  ; 6.106 ; 6.106 ; 6.106 ; 6.106 ;
; SRA1       ; OUTPUT[14]  ; 5.592 ; 5.592 ; 5.592 ; 5.592 ;
; SRA1       ; OUTPUT[15]  ; 5.729 ; 5.729 ; 5.729 ; 5.729 ;
; SRA1       ; OUTPUT[16]  ; 5.825 ; 5.825 ; 5.825 ; 5.825 ;
; SRA1       ; OUTPUT[17]  ; 5.880 ; 5.880 ; 5.880 ; 5.880 ;
; SRA1       ; OUTPUT[18]  ; 5.606 ; 5.606 ; 5.606 ; 5.606 ;
; SRA1       ; OUTPUT[19]  ; 5.376 ; 5.376 ; 5.376 ; 5.376 ;
; SRA1       ; OUTPUT[20]  ; 5.275 ; 5.275 ; 5.275 ; 5.275 ;
; SRA1       ; OUTPUT[21]  ; 6.001 ; 6.001 ; 6.001 ; 6.001 ;
; SRA1       ; OUTPUT[22]  ; 5.750 ; 5.750 ; 5.750 ; 5.750 ;
; SRA1       ; OUTPUT[23]  ; 6.266 ; 6.266 ; 6.266 ; 6.266 ;
; SRA1       ; OUTPUT[24]  ; 5.862 ; 5.862 ; 5.862 ; 5.862 ;
; SRA1       ; OUTPUT[25]  ; 5.870 ; 5.870 ; 5.870 ; 5.870 ;
; SRA1       ; OUTPUT[26]  ; 5.401 ; 5.401 ; 5.401 ; 5.401 ;
; SRA1       ; OUTPUT[27]  ; 5.625 ; 5.625 ; 5.625 ; 5.625 ;
; SRA1       ; OUTPUT[28]  ; 5.263 ; 5.263 ; 5.263 ; 5.263 ;
; SRA1       ; OUTPUT[29]  ; 5.860 ; 5.860 ; 5.860 ; 5.860 ;
; SRA1       ; OUTPUT[30]  ; 6.242 ; 6.242 ; 6.242 ; 6.242 ;
; SRA1       ; OUTPUT[31]  ; 5.872 ; 5.872 ; 5.872 ; 5.872 ;
; SRA1       ; Z           ; 7.815 ; 7.815 ; 7.815 ; 7.815 ;
+------------+-------------+-------+-------+-------+-------+


+----------------------------------------------------------+
; Minimum Propagation Delay                                ;
+------------+-------------+-------+-------+-------+-------+
; Input Port ; Output Port ; RR    ; RF    ; FR    ; FF    ;
+------------+-------------+-------+-------+-------+-------+
; INPUT[0]   ; OUTPUT[0]   ; 5.188 ;       ;       ; 5.188 ;
; INPUT[0]   ; OUTPUT[8]   ; 5.271 ;       ;       ; 5.271 ;
; INPUT[0]   ; Z           ;       ; 5.883 ; 5.883 ;       ;
; INPUT[1]   ; OUTPUT[0]   ; 5.181 ;       ;       ; 5.181 ;
; INPUT[1]   ; OUTPUT[1]   ; 5.097 ;       ;       ; 5.097 ;
; INPUT[1]   ; OUTPUT[9]   ; 5.473 ;       ;       ; 5.473 ;
; INPUT[1]   ; Z           ;       ; 5.822 ; 5.822 ;       ;
; INPUT[2]   ; OUTPUT[1]   ; 5.326 ;       ;       ; 5.326 ;
; INPUT[2]   ; OUTPUT[2]   ; 5.376 ;       ;       ; 5.376 ;
; INPUT[2]   ; OUTPUT[10]  ; 5.554 ;       ;       ; 5.554 ;
; INPUT[2]   ; Z           ;       ; 6.051 ; 6.051 ;       ;
; INPUT[3]   ; OUTPUT[2]   ; 5.685 ;       ;       ; 5.685 ;
; INPUT[3]   ; OUTPUT[3]   ; 5.887 ;       ;       ; 5.887 ;
; INPUT[3]   ; OUTPUT[11]  ; 6.010 ;       ;       ; 6.010 ;
; INPUT[3]   ; Z           ;       ; 6.674 ; 6.674 ;       ;
; INPUT[4]   ; OUTPUT[3]   ; 5.805 ;       ;       ; 5.805 ;
; INPUT[4]   ; OUTPUT[4]   ; 5.566 ;       ;       ; 5.566 ;
; INPUT[4]   ; OUTPUT[12]  ; 6.112 ;       ;       ; 6.112 ;
; INPUT[4]   ; Z           ;       ; 6.592 ; 6.592 ;       ;
; INPUT[5]   ; OUTPUT[4]   ; 5.486 ;       ;       ; 5.486 ;
; INPUT[5]   ; OUTPUT[5]   ; 5.601 ;       ;       ; 5.601 ;
; INPUT[5]   ; OUTPUT[13]  ; 5.990 ;       ;       ; 5.990 ;
; INPUT[5]   ; Z           ;       ; 6.483 ; 6.483 ;       ;
; INPUT[6]   ; OUTPUT[5]   ; 5.396 ;       ;       ; 5.396 ;
; INPUT[6]   ; OUTPUT[6]   ; 5.679 ;       ;       ; 5.679 ;
; INPUT[6]   ; OUTPUT[14]  ; 5.404 ;       ;       ; 5.404 ;
; INPUT[6]   ; Z           ;       ; 6.278 ; 6.278 ;       ;
; INPUT[7]   ; OUTPUT[6]   ; 5.644 ;       ;       ; 5.644 ;
; INPUT[7]   ; OUTPUT[7]   ; 5.180 ;       ;       ; 5.180 ;
; INPUT[7]   ; OUTPUT[15]  ; 5.623 ;       ;       ; 5.623 ;
; INPUT[7]   ; Z           ;       ; 6.383 ; 6.383 ;       ;
; INPUT[8]   ; OUTPUT[7]   ; 5.252 ;       ;       ; 5.252 ;
; INPUT[8]   ; OUTPUT[8]   ; 5.029 ;       ;       ; 5.029 ;
; INPUT[8]   ; OUTPUT[16]  ; 5.569 ;       ;       ; 5.569 ;
; INPUT[8]   ; Z           ;       ; 6.068 ; 6.068 ;       ;
; INPUT[9]   ; OUTPUT[8]   ; 5.276 ;       ;       ; 5.276 ;
; INPUT[9]   ; OUTPUT[9]   ; 5.329 ;       ;       ; 5.329 ;
; INPUT[9]   ; OUTPUT[17]  ; 5.639 ;       ;       ; 5.639 ;
; INPUT[9]   ; Z           ;       ; 6.257 ; 6.257 ;       ;
; INPUT[10]  ; OUTPUT[9]   ; 5.728 ;       ;       ; 5.728 ;
; INPUT[10]  ; OUTPUT[10]  ; 5.448 ;       ;       ; 5.448 ;
; INPUT[10]  ; OUTPUT[18]  ; 5.651 ;       ;       ; 5.651 ;
; INPUT[10]  ; Z           ;       ; 6.500 ; 6.500 ;       ;
; INPUT[11]  ; OUTPUT[10]  ; 5.920 ;       ;       ; 5.920 ;
; INPUT[11]  ; OUTPUT[11]  ; 5.848 ;       ;       ; 5.848 ;
; INPUT[11]  ; OUTPUT[19]  ; 5.266 ;       ;       ; 5.266 ;
; INPUT[11]  ; Z           ;       ; 6.796 ; 6.796 ;       ;
; INPUT[12]  ; OUTPUT[11]  ; 5.910 ;       ;       ; 5.910 ;
; INPUT[12]  ; OUTPUT[12]  ; 5.805 ;       ;       ; 5.805 ;
; INPUT[12]  ; OUTPUT[20]  ; 5.323 ;       ;       ; 5.323 ;
; INPUT[12]  ; Z           ;       ; 6.655 ; 6.655 ;       ;
; INPUT[13]  ; OUTPUT[12]  ; 6.031 ;       ;       ; 6.031 ;
; INPUT[13]  ; OUTPUT[13]  ; 5.762 ;       ;       ; 5.762 ;
; INPUT[13]  ; OUTPUT[21]  ; 6.258 ;       ;       ; 6.258 ;
; INPUT[13]  ; Z           ;       ; 6.671 ; 6.671 ;       ;
; INPUT[14]  ; OUTPUT[13]  ; 6.153 ;       ;       ; 6.153 ;
; INPUT[14]  ; OUTPUT[14]  ; 5.336 ;       ;       ; 5.336 ;
; INPUT[14]  ; OUTPUT[22]  ; 5.813 ;       ;       ; 5.813 ;
; INPUT[14]  ; Z           ;       ; 7.062 ; 7.062 ;       ;
; INPUT[15]  ; OUTPUT[14]  ; 5.282 ;       ;       ; 5.282 ;
; INPUT[15]  ; OUTPUT[15]  ; 5.134 ;       ;       ; 5.134 ;
; INPUT[15]  ; OUTPUT[23]  ; 5.960 ;       ;       ; 5.960 ;
; INPUT[15]  ; Z           ;       ; 6.918 ; 6.918 ;       ;
; INPUT[16]  ; OUTPUT[15]  ; 5.430 ;       ;       ; 5.430 ;
; INPUT[16]  ; OUTPUT[16]  ; 5.167 ;       ;       ; 5.167 ;
; INPUT[16]  ; OUTPUT[24]  ; 5.652 ;       ;       ; 5.652 ;
; INPUT[16]  ; Z           ;       ; 6.816 ; 6.816 ;       ;
; INPUT[17]  ; OUTPUT[16]  ; 5.670 ;       ;       ; 5.670 ;
; INPUT[17]  ; OUTPUT[17]  ; 5.263 ;       ;       ; 5.263 ;
; INPUT[17]  ; OUTPUT[25]  ; 5.718 ;       ;       ; 5.718 ;
; INPUT[17]  ; Z           ;       ; 7.198 ; 7.198 ;       ;
; INPUT[18]  ; OUTPUT[17]  ; 5.612 ;       ;       ; 5.612 ;
; INPUT[18]  ; OUTPUT[18]  ; 5.592 ;       ;       ; 5.592 ;
; INPUT[18]  ; OUTPUT[26]  ; 5.554 ;       ;       ; 5.554 ;
; INPUT[18]  ; Z           ;       ; 6.957 ; 6.957 ;       ;
; INPUT[19]  ; OUTPUT[18]  ; 5.495 ;       ;       ; 5.495 ;
; INPUT[19]  ; OUTPUT[19]  ; 4.979 ;       ;       ; 4.979 ;
; INPUT[19]  ; OUTPUT[27]  ; 5.511 ;       ;       ; 5.511 ;
; INPUT[19]  ; Z           ;       ; 6.626 ; 6.626 ;       ;
; INPUT[20]  ; OUTPUT[19]  ; 5.408 ;       ;       ; 5.408 ;
; INPUT[20]  ; OUTPUT[20]  ; 5.217 ;       ;       ; 5.217 ;
; INPUT[20]  ; OUTPUT[28]  ; 5.417 ;       ;       ; 5.417 ;
; INPUT[20]  ; Z           ;       ; 6.937 ; 6.937 ;       ;
; INPUT[21]  ; OUTPUT[20]  ; 5.587 ;       ;       ; 5.587 ;
; INPUT[21]  ; OUTPUT[21]  ; 5.667 ;       ;       ; 5.667 ;
; INPUT[21]  ; OUTPUT[29]  ; 5.931 ;       ;       ; 5.931 ;
; INPUT[21]  ; Z           ;       ; 7.012 ; 7.012 ;       ;
; INPUT[22]  ; OUTPUT[21]  ; 6.328 ;       ;       ; 6.328 ;
; INPUT[22]  ; OUTPUT[22]  ; 5.724 ;       ;       ; 5.724 ;
; INPUT[22]  ; OUTPUT[30]  ; 6.207 ;       ;       ; 6.207 ;
; INPUT[22]  ; Z           ;       ; 6.844 ; 6.844 ;       ;
; INPUT[23]  ; N           ; 6.154 ;       ;       ; 6.154 ;
; INPUT[23]  ; OUTPUT[22]  ; 6.122 ;       ;       ; 6.122 ;
; INPUT[23]  ; OUTPUT[23]  ; 6.003 ;       ;       ; 6.003 ;
; INPUT[23]  ; OUTPUT[31]  ; 6.154 ;       ;       ; 6.154 ;
; INPUT[23]  ; Z           ;       ; 6.760 ; 6.760 ;       ;
; INPUT[24]  ; OUTPUT[23]  ; 6.073 ;       ;       ; 6.073 ;
; INPUT[24]  ; OUTPUT[24]  ; 5.350 ;       ;       ; 5.350 ;
; INPUT[24]  ; Z           ;       ; 6.955 ; 6.955 ;       ;
; INPUT[25]  ; OUTPUT[24]  ; 5.752 ;       ;       ; 5.752 ;
; INPUT[25]  ; OUTPUT[25]  ; 5.470 ;       ;       ; 5.470 ;
; INPUT[25]  ; Z           ;       ; 6.956 ; 6.956 ;       ;
; INPUT[26]  ; OUTPUT[25]  ; 5.694 ;       ;       ; 5.694 ;
; INPUT[26]  ; OUTPUT[26]  ; 5.077 ;       ;       ; 5.077 ;
; INPUT[26]  ; Z           ;       ; 6.669 ; 6.669 ;       ;
; INPUT[27]  ; OUTPUT[26]  ; 5.369 ;       ;       ; 5.369 ;
; INPUT[27]  ; OUTPUT[27]  ; 5.415 ;       ;       ; 5.415 ;
; INPUT[27]  ; Z           ;       ; 6.708 ; 6.708 ;       ;
; INPUT[28]  ; OUTPUT[27]  ; 5.702 ;       ;       ; 5.702 ;
; INPUT[28]  ; OUTPUT[28]  ; 5.182 ;       ;       ; 5.182 ;
; INPUT[28]  ; Z           ;       ; 6.764 ; 6.764 ;       ;
; INPUT[29]  ; OUTPUT[28]  ; 5.412 ;       ;       ; 5.412 ;
; INPUT[29]  ; OUTPUT[29]  ; 5.335 ;       ;       ; 5.335 ;
; INPUT[29]  ; Z           ;       ; 6.571 ; 6.571 ;       ;
; INPUT[30]  ; OUTPUT[29]  ; 6.233 ;       ;       ; 6.233 ;
; INPUT[30]  ; OUTPUT[30]  ; 6.605 ;       ;       ; 6.605 ;
; INPUT[30]  ; Z           ;       ; 7.242 ; 7.242 ;       ;
; INPUT[31]  ; N           ; 6.006 ;       ;       ; 6.006 ;
; INPUT[31]  ; OUTPUT[30]  ; 6.373 ;       ;       ; 6.373 ;
; INPUT[31]  ; OUTPUT[31]  ; 6.006 ;       ;       ; 6.006 ;
; INPUT[31]  ; Z           ;       ; 6.612 ; 6.612 ;       ;
; SLL8       ; N           ; 5.993 ; 5.993 ; 5.993 ; 5.993 ;
; SLL8       ; OUTPUT[0]   ; 5.524 ; 5.524 ; 5.524 ; 5.524 ;
; SLL8       ; OUTPUT[1]   ; 5.438 ; 5.438 ; 5.438 ; 5.438 ;
; SLL8       ; OUTPUT[2]   ; 5.752 ; 5.752 ; 5.752 ; 5.752 ;
; SLL8       ; OUTPUT[3]   ; 5.957 ; 5.957 ; 5.957 ; 5.957 ;
; SLL8       ; OUTPUT[4]   ; 5.558 ; 5.558 ; 5.558 ; 5.558 ;
; SLL8       ; OUTPUT[5]   ; 5.673 ; 5.673 ; 5.673 ; 5.673 ;
; SLL8       ; OUTPUT[6]   ; 5.855 ; 5.855 ; 5.855 ; 5.855 ;
; SLL8       ; OUTPUT[7]   ; 5.393 ; 5.393 ; 5.393 ; 5.393 ;
; SLL8       ; OUTPUT[8]   ; 5.393 ; 5.393 ; 5.393 ; 5.393 ;
; SLL8       ; OUTPUT[9]   ; 5.523 ; 5.523 ; 5.523 ; 5.523 ;
; SLL8       ; OUTPUT[10]  ; 5.554 ; 5.554 ; 5.554 ; 5.554 ;
; SLL8       ; OUTPUT[11]  ; 5.867 ; 5.867 ; 5.867 ; 5.867 ;
; SLL8       ; OUTPUT[12]  ; 5.908 ; 5.908 ; 5.908 ; 5.908 ;
; SLL8       ; OUTPUT[13]  ; 5.838 ; 5.838 ; 5.838 ; 5.838 ;
; SLL8       ; OUTPUT[14]  ; 5.412 ; 5.412 ; 5.412 ; 5.412 ;
; SLL8       ; OUTPUT[15]  ; 5.348 ; 5.348 ; 5.348 ; 5.348 ;
; SLL8       ; OUTPUT[16]  ; 5.439 ; 5.439 ; 5.439 ; 5.439 ;
; SLL8       ; OUTPUT[17]  ; 5.325 ; 5.325 ; 5.325 ; 5.325 ;
; SLL8       ; OUTPUT[18]  ; 5.415 ; 5.415 ; 5.415 ; 5.415 ;
; SLL8       ; OUTPUT[19]  ; 5.079 ; 5.079 ; 5.079 ; 5.079 ;
; SLL8       ; OUTPUT[20]  ; 5.086 ; 5.086 ; 5.086 ; 5.086 ;
; SLL8       ; OUTPUT[21]  ; 5.637 ; 5.637 ; 5.637 ; 5.637 ;
; SLL8       ; OUTPUT[22]  ; 5.593 ; 5.593 ; 5.593 ; 5.593 ;
; SLL8       ; OUTPUT[23]  ; 5.843 ; 5.843 ; 5.843 ; 5.843 ;
; SLL8       ; OUTPUT[24]  ; 5.567 ; 5.567 ; 5.567 ; 5.567 ;
; SLL8       ; OUTPUT[25]  ; 5.652 ; 5.652 ; 5.652 ; 5.652 ;
; SLL8       ; OUTPUT[26]  ; 5.082 ; 5.082 ; 5.082 ; 5.082 ;
; SLL8       ; OUTPUT[27]  ; 5.309 ; 5.309 ; 5.309 ; 5.309 ;
; SLL8       ; OUTPUT[28]  ; 5.085 ; 5.085 ; 5.085 ; 5.085 ;
; SLL8       ; OUTPUT[29]  ; 5.297 ; 5.297 ; 5.297 ; 5.297 ;
; SLL8       ; OUTPUT[30]  ; 6.079 ; 6.280 ; 6.280 ; 6.079 ;
; SLL8       ; OUTPUT[31]  ; 5.993 ; 5.993 ; 5.993 ; 5.993 ;
; SLL8       ; Z           ; 6.163 ; 6.163 ; 6.163 ; 6.163 ;
; SRA1       ; N           ; 5.872 ; 5.872 ; 5.872 ; 5.872 ;
; SRA1       ; OUTPUT[0]   ; 5.565 ; 5.565 ; 5.565 ; 5.565 ;
; SRA1       ; OUTPUT[1]   ; 5.481 ; 5.481 ; 5.481 ; 5.481 ;
; SRA1       ; OUTPUT[2]   ; 5.643 ; 5.643 ; 5.643 ; 5.643 ;
; SRA1       ; OUTPUT[3]   ; 5.849 ; 5.849 ; 5.849 ; 5.849 ;
; SRA1       ; OUTPUT[4]   ; 5.535 ; 5.535 ; 5.535 ; 5.535 ;
; SRA1       ; OUTPUT[5]   ; 5.634 ; 5.634 ; 5.634 ; 5.634 ;
; SRA1       ; OUTPUT[6]   ; 5.792 ; 5.792 ; 5.792 ; 5.792 ;
; SRA1       ; OUTPUT[7]   ; 5.328 ; 5.328 ; 5.328 ; 5.328 ;
; SRA1       ; OUTPUT[8]   ; 5.354 ; 5.354 ; 5.354 ; 5.354 ;
; SRA1       ; OUTPUT[9]   ; 5.565 ; 5.565 ; 5.565 ; 5.565 ;
; SRA1       ; OUTPUT[10]  ; 5.531 ; 5.531 ; 5.531 ; 5.531 ;
; SRA1       ; OUTPUT[11]  ; 5.748 ; 5.748 ; 5.748 ; 5.748 ;
; SRA1       ; OUTPUT[12]  ; 5.987 ; 5.987 ; 5.987 ; 5.987 ;
; SRA1       ; OUTPUT[13]  ; 5.804 ; 5.804 ; 5.804 ; 5.804 ;
; SRA1       ; OUTPUT[14]  ; 5.348 ; 5.348 ; 5.348 ; 5.348 ;
; SRA1       ; OUTPUT[15]  ; 5.437 ; 5.437 ; 5.437 ; 5.437 ;
; SRA1       ; OUTPUT[16]  ; 5.373 ; 5.373 ; 5.373 ; 5.373 ;
; SRA1       ; OUTPUT[17]  ; 5.424 ; 5.424 ; 5.424 ; 5.424 ;
; SRA1       ; OUTPUT[18]  ; 5.443 ; 5.443 ; 5.443 ; 5.443 ;
; SRA1       ; OUTPUT[19]  ; 5.090 ; 5.090 ; 5.090 ; 5.090 ;
; SRA1       ; OUTPUT[20]  ; 4.982 ; 4.982 ; 4.982 ; 4.982 ;
; SRA1       ; OUTPUT[21]  ; 5.598 ; 5.598 ; 5.598 ; 5.598 ;
; SRA1       ; OUTPUT[22]  ; 5.475 ; 5.475 ; 5.475 ; 5.475 ;
; SRA1       ; OUTPUT[23]  ; 5.717 ; 5.717 ; 5.717 ; 5.717 ;
; SRA1       ; OUTPUT[24]  ; 5.665 ; 5.665 ; 5.665 ; 5.665 ;
; SRA1       ; OUTPUT[25]  ; 5.358 ; 5.358 ; 5.358 ; 5.358 ;
; SRA1       ; OUTPUT[26]  ; 5.107 ; 5.107 ; 5.107 ; 5.107 ;
; SRA1       ; OUTPUT[27]  ; 5.200 ; 5.200 ; 5.200 ; 5.200 ;
; SRA1       ; OUTPUT[28]  ; 4.984 ; 4.984 ; 4.984 ; 4.984 ;
; SRA1       ; OUTPUT[29]  ; 5.207 ; 5.207 ; 5.207 ; 5.207 ;
; SRA1       ; OUTPUT[30]  ; 6.242 ; 5.960 ; 5.960 ; 6.242 ;
; SRA1       ; OUTPUT[31]  ; 5.872 ; 5.872 ; 5.872 ; 5.872 ;
; SRA1       ; Z           ; 6.206 ; 6.206 ; 6.206 ; 6.206 ;
+------------+-------------+-------+-------+-------+-------+


+----------------------------------------------------------------------------+
; Multicorner Timing Analysis Summary                                        ;
+------------------+-------+------+----------+---------+---------------------+
; Clock            ; Setup ; Hold ; Recovery ; Removal ; Minimum Pulse Width ;
+------------------+-------+------+----------+---------+---------------------+
; Worst-case Slack ; N/A   ; N/A  ; N/A      ; N/A     ; N/A                 ;
; Design-wide TNS  ; 0.0   ; 0.0  ; 0.0      ; 0.0     ; 0.0                 ;
+------------------+-------+------+----------+---------+---------------------+


+--------------------------------------------------------------+
; Progagation Delay                                            ;
+------------+-------------+--------+--------+--------+--------+
; Input Port ; Output Port ; RR     ; RF     ; FR     ; FF     ;
+------------+-------------+--------+--------+--------+--------+
; INPUT[0]   ; OUTPUT[0]   ; 9.213  ;        ;        ; 9.213  ;
; INPUT[0]   ; OUTPUT[8]   ; 9.548  ;        ;        ; 9.548  ;
; INPUT[0]   ; Z           ;        ; 11.711 ; 11.711 ;        ;
; INPUT[1]   ; OUTPUT[0]   ; 9.180  ;        ;        ; 9.180  ;
; INPUT[1]   ; OUTPUT[1]   ; 9.120  ;        ;        ; 9.120  ;
; INPUT[1]   ; OUTPUT[9]   ; 9.868  ;        ;        ; 9.868  ;
; INPUT[1]   ; Z           ;        ; 11.959 ; 11.959 ;        ;
; INPUT[2]   ; OUTPUT[1]   ; 9.685  ;        ;        ; 9.685  ;
; INPUT[2]   ; OUTPUT[2]   ; 9.635  ;        ;        ; 9.635  ;
; INPUT[2]   ; OUTPUT[10]  ; 10.107 ;        ;        ; 10.107 ;
; INPUT[2]   ; Z           ;        ; 12.493 ; 12.493 ;        ;
; INPUT[3]   ; OUTPUT[2]   ; 10.279 ;        ;        ; 10.279 ;
; INPUT[3]   ; OUTPUT[3]   ; 10.735 ;        ;        ; 10.735 ;
; INPUT[3]   ; OUTPUT[11]  ; 11.022 ;        ;        ; 11.022 ;
; INPUT[3]   ; Z           ;        ; 13.157 ; 13.157 ;        ;
; INPUT[4]   ; OUTPUT[3]   ; 10.571 ;        ;        ; 10.571 ;
; INPUT[4]   ; OUTPUT[4]   ; 10.066 ;        ;        ; 10.066 ;
; INPUT[4]   ; OUTPUT[12]  ; 11.261 ;        ;        ; 11.261 ;
; INPUT[4]   ; Z           ;        ; 13.204 ; 13.204 ;        ;
; INPUT[5]   ; OUTPUT[4]   ; 9.843  ;        ;        ; 9.843  ;
; INPUT[5]   ; OUTPUT[5]   ; 10.100 ;        ;        ; 10.100 ;
; INPUT[5]   ; OUTPUT[13]  ; 10.971 ;        ;        ; 10.971 ;
; INPUT[5]   ; Z           ;        ; 13.103 ; 13.103 ;        ;
; INPUT[6]   ; OUTPUT[5]   ; 9.648  ;        ;        ; 9.648  ;
; INPUT[6]   ; OUTPUT[6]   ; 10.235 ;        ;        ; 10.235 ;
; INPUT[6]   ; OUTPUT[14]  ; 9.769  ;        ;        ; 9.769  ;
; INPUT[6]   ; Z           ;        ; 13.665 ; 13.665 ;        ;
; INPUT[7]   ; OUTPUT[6]   ; 10.191 ;        ;        ; 10.191 ;
; INPUT[7]   ; OUTPUT[7]   ; 9.308  ;        ;        ; 9.308  ;
; INPUT[7]   ; OUTPUT[15]  ; 10.314 ;        ;        ; 10.314 ;
; INPUT[7]   ; Z           ;        ; 14.122 ; 14.122 ;        ;
; INPUT[8]   ; OUTPUT[7]   ; 9.420  ;        ;        ; 9.420  ;
; INPUT[8]   ; OUTPUT[8]   ; 8.976  ;        ;        ; 8.976  ;
; INPUT[8]   ; OUTPUT[16]  ; 10.118 ;        ;        ; 10.118 ;
; INPUT[8]   ; Z           ;        ; 13.686 ; 13.686 ;        ;
; INPUT[9]   ; OUTPUT[8]   ; 9.537  ;        ;        ; 9.537  ;
; INPUT[9]   ; OUTPUT[9]   ; 9.526  ;        ;        ; 9.526  ;
; INPUT[9]   ; OUTPUT[17]  ; 10.352 ;        ;        ; 10.352 ;
; INPUT[9]   ; Z           ;        ; 14.509 ; 14.509 ;        ;
; INPUT[10]  ; OUTPUT[9]   ; 10.426 ;        ;        ; 10.426 ;
; INPUT[10]  ; OUTPUT[10]  ; 9.755  ;        ;        ; 9.755  ;
; INPUT[10]  ; OUTPUT[18]  ; 10.222 ;        ;        ; 10.222 ;
; INPUT[10]  ; Z           ;        ; 13.235 ; 13.235 ;        ;
; INPUT[11]  ; OUTPUT[10]  ; 10.799 ;        ;        ; 10.799 ;
; INPUT[11]  ; OUTPUT[11]  ; 10.576 ;        ;        ; 10.576 ;
; INPUT[11]  ; OUTPUT[19]  ; 9.535  ;        ;        ; 9.535  ;
; INPUT[11]  ; Z           ;        ; 13.185 ; 13.185 ;        ;
; INPUT[12]  ; OUTPUT[11]  ; 10.753 ;        ;        ; 10.753 ;
; INPUT[12]  ; OUTPUT[12]  ; 10.487 ;        ;        ; 10.487 ;
; INPUT[12]  ; OUTPUT[20]  ; 9.668  ;        ;        ; 9.668  ;
; INPUT[12]  ; Z           ;        ; 13.329 ; 13.329 ;        ;
; INPUT[13]  ; OUTPUT[12]  ; 11.037 ;        ;        ; 11.037 ;
; INPUT[13]  ; OUTPUT[13]  ; 10.406 ;        ;        ; 10.406 ;
; INPUT[13]  ; OUTPUT[21]  ; 11.557 ;        ;        ; 11.557 ;
; INPUT[13]  ; Z           ;        ; 14.564 ; 14.564 ;        ;
; INPUT[14]  ; OUTPUT[13]  ; 11.302 ;        ;        ; 11.302 ;
; INPUT[14]  ; OUTPUT[14]  ; 9.633  ;        ;        ; 9.633  ;
; INPUT[14]  ; OUTPUT[22]  ; 10.626 ;        ;        ; 10.626 ;
; INPUT[14]  ; Z           ;        ; 14.060 ; 14.060 ;        ;
; INPUT[15]  ; OUTPUT[14]  ; 9.533  ;        ;        ; 9.533  ;
; INPUT[15]  ; OUTPUT[15]  ; 9.180  ;        ;        ; 9.180  ;
; INPUT[15]  ; OUTPUT[23]  ; 10.894 ;        ;        ; 10.894 ;
; INPUT[15]  ; Z           ;        ; 13.680 ; 13.680 ;        ;
; INPUT[16]  ; OUTPUT[15]  ; 9.862  ;        ;        ; 9.862  ;
; INPUT[16]  ; OUTPUT[16]  ; 9.214  ;        ;        ; 9.214  ;
; INPUT[16]  ; OUTPUT[24]  ; 10.223 ;        ;        ; 10.223 ;
; INPUT[16]  ; Z           ;        ; 13.716 ; 13.716 ;        ;
; INPUT[17]  ; OUTPUT[16]  ; 10.374 ;        ;        ; 10.374 ;
; INPUT[17]  ; OUTPUT[17]  ; 9.456  ;        ;        ; 9.456  ;
; INPUT[17]  ; OUTPUT[25]  ; 10.325 ;        ;        ; 10.325 ;
; INPUT[17]  ; Z           ;        ; 13.942 ; 13.942 ;        ;
; INPUT[18]  ; OUTPUT[17]  ; 10.283 ;        ;        ; 10.283 ;
; INPUT[18]  ; OUTPUT[18]  ; 10.045 ;        ;        ; 10.045 ;
; INPUT[18]  ; OUTPUT[26]  ; 10.147 ;        ;        ; 10.147 ;
; INPUT[18]  ; Z           ;        ; 14.440 ; 14.440 ;        ;
; INPUT[19]  ; OUTPUT[18]  ; 9.866  ;        ;        ; 9.866  ;
; INPUT[19]  ; OUTPUT[19]  ; 8.861  ;        ;        ; 8.861  ;
; INPUT[19]  ; OUTPUT[27]  ; 9.930  ;        ;        ; 9.930  ;
; INPUT[19]  ; Z           ;        ; 12.879 ; 12.879 ;        ;
; INPUT[20]  ; OUTPUT[19]  ; 9.909  ;        ;        ; 9.909  ;
; INPUT[20]  ; OUTPUT[20]  ; 9.430  ;        ;        ; 9.430  ;
; INPUT[20]  ; OUTPUT[28]  ; 9.910  ;        ;        ; 9.910  ;
; INPUT[20]  ; Z           ;        ; 13.439 ; 13.439 ;        ;
; INPUT[21]  ; OUTPUT[20]  ; 10.263 ;        ;        ; 10.263 ;
; INPUT[21]  ; OUTPUT[21]  ; 10.231 ;        ;        ; 10.231 ;
; INPUT[21]  ; OUTPUT[29]  ; 10.864 ;        ;        ; 10.864 ;
; INPUT[21]  ; Z           ;        ; 13.924 ; 13.924 ;        ;
; INPUT[22]  ; OUTPUT[21]  ; 11.667 ;        ;        ; 11.667 ;
; INPUT[22]  ; OUTPUT[22]  ; 10.360 ;        ;        ; 10.360 ;
; INPUT[22]  ; OUTPUT[30]  ; 11.305 ;        ;        ; 11.305 ;
; INPUT[22]  ; Z           ;        ; 14.674 ; 14.674 ;        ;
; INPUT[23]  ; N           ; 11.199 ;        ;        ; 11.199 ;
; INPUT[23]  ; OUTPUT[22]  ; 11.237 ;        ;        ; 11.237 ;
; INPUT[23]  ; OUTPUT[23]  ; 10.914 ;        ;        ; 10.914 ;
; INPUT[23]  ; OUTPUT[31]  ; 11.199 ;        ;        ; 11.199 ;
; INPUT[23]  ; Z           ;        ; 14.671 ; 14.671 ;        ;
; INPUT[24]  ; OUTPUT[23]  ; 11.157 ;        ;        ; 11.157 ;
; INPUT[24]  ; OUTPUT[24]  ; 9.529  ;        ;        ; 9.529  ;
; INPUT[24]  ; Z           ;        ; 13.943 ; 13.943 ;        ;
; INPUT[25]  ; OUTPUT[24]  ; 10.469 ;        ;        ; 10.469 ;
; INPUT[25]  ; OUTPUT[25]  ; 9.805  ;        ;        ; 9.805  ;
; INPUT[25]  ; Z           ;        ; 13.962 ; 13.962 ;        ;
; INPUT[26]  ; OUTPUT[25]  ; 10.271 ;        ;        ; 10.271 ;
; INPUT[26]  ; OUTPUT[26]  ; 9.068  ;        ;        ; 9.068  ;
; INPUT[26]  ; Z           ;        ; 13.571 ; 13.571 ;        ;
; INPUT[27]  ; OUTPUT[26]  ; 9.820  ;        ;        ; 9.820  ;
; INPUT[27]  ; OUTPUT[27]  ; 9.738  ;        ;        ; 9.738  ;
; INPUT[27]  ; Z           ;        ; 13.223 ; 13.223 ;        ;
; INPUT[28]  ; OUTPUT[27]  ; 10.391 ;        ;        ; 10.391 ;
; INPUT[28]  ; OUTPUT[28]  ; 9.329  ;        ;        ; 9.329  ;
; INPUT[28]  ; Z           ;        ; 13.312 ; 13.312 ;        ;
; INPUT[29]  ; OUTPUT[28]  ; 9.838  ;        ;        ; 9.838  ;
; INPUT[29]  ; OUTPUT[29]  ; 9.514  ;        ;        ; 9.514  ;
; INPUT[29]  ; Z           ;        ; 13.206 ; 13.206 ;        ;
; INPUT[30]  ; OUTPUT[29]  ; 11.461 ;        ;        ; 11.461 ;
; INPUT[30]  ; OUTPUT[30]  ; 12.192 ;        ;        ; 12.192 ;
; INPUT[30]  ; Z           ;        ; 14.248 ; 14.248 ;        ;
; INPUT[31]  ; N           ; 10.922 ;        ;        ; 10.922 ;
; INPUT[31]  ; OUTPUT[30]  ; 11.734 ;        ;        ; 11.734 ;
; INPUT[31]  ; OUTPUT[31]  ; 10.922 ;        ;        ; 10.922 ;
; INPUT[31]  ; Z           ;        ; 13.306 ; 13.306 ;        ;
; SLL8       ; N           ; 10.887 ; 10.887 ; 10.887 ; 10.887 ;
; SLL8       ; OUTPUT[0]   ; 9.910  ; 9.910  ; 9.910  ; 9.910  ;
; SLL8       ; OUTPUT[1]   ; 9.849  ; 9.849  ; 9.849  ; 9.849  ;
; SLL8       ; OUTPUT[2]   ; 10.353 ; 10.353 ; 10.353 ; 10.353 ;
; SLL8       ; OUTPUT[3]   ; 10.805 ; 10.805 ; 10.805 ; 10.805 ;
; SLL8       ; OUTPUT[4]   ; 9.981  ; 9.981  ; 9.981  ; 9.981  ;
; SLL8       ; OUTPUT[5]   ; 10.210 ; 10.210 ; 10.210 ; 10.210 ;
; SLL8       ; OUTPUT[6]   ; 10.626 ; 10.626 ; 10.626 ; 10.626 ;
; SLL8       ; OUTPUT[7]   ; 9.720  ; 9.720  ; 9.720  ; 9.720  ;
; SLL8       ; OUTPUT[8]   ; 10.234 ; 10.234 ; 10.234 ; 10.234 ;
; SLL8       ; OUTPUT[9]   ; 10.599 ; 10.599 ; 10.599 ; 10.599 ;
; SLL8       ; OUTPUT[10]  ; 10.854 ; 10.854 ; 10.854 ; 10.854 ;
; SLL8       ; OUTPUT[11]  ; 10.946 ; 10.946 ; 10.946 ; 10.946 ;
; SLL8       ; OUTPUT[12]  ; 11.177 ; 11.177 ; 11.177 ; 11.177 ;
; SLL8       ; OUTPUT[13]  ; 11.420 ; 11.420 ; 11.420 ; 11.420 ;
; SLL8       ; OUTPUT[14]  ; 9.991  ; 9.991  ; 9.991  ; 9.991  ;
; SLL8       ; OUTPUT[15]  ; 10.308 ; 10.308 ; 10.308 ; 10.308 ;
; SLL8       ; OUTPUT[16]  ; 10.526 ; 10.526 ; 10.526 ; 10.526 ;
; SLL8       ; OUTPUT[17]  ; 10.752 ; 10.752 ; 10.752 ; 10.752 ;
; SLL8       ; OUTPUT[18]  ; 10.209 ; 10.209 ; 10.209 ; 10.209 ;
; SLL8       ; OUTPUT[19]  ; 9.852  ; 9.852  ; 9.852  ; 9.852  ;
; SLL8       ; OUTPUT[20]  ; 9.881  ; 9.881  ; 9.881  ; 9.881  ;
; SLL8       ; OUTPUT[21]  ; 11.075 ; 11.075 ; 11.075 ; 11.075 ;
; SLL8       ; OUTPUT[22]  ; 10.578 ; 10.578 ; 10.578 ; 10.578 ;
; SLL8       ; OUTPUT[23]  ; 11.346 ; 11.346 ; 11.346 ; 11.346 ;
; SLL8       ; OUTPUT[24]  ; 10.801 ; 10.801 ; 10.801 ; 10.801 ;
; SLL8       ; OUTPUT[25]  ; 10.483 ; 10.483 ; 10.483 ; 10.483 ;
; SLL8       ; OUTPUT[26]  ; 9.772  ; 9.772  ; 9.772  ; 9.772  ;
; SLL8       ; OUTPUT[27]  ; 10.126 ; 10.126 ; 10.126 ; 10.126 ;
; SLL8       ; OUTPUT[28]  ; 9.883  ; 9.883  ; 9.883  ; 9.883  ;
; SLL8       ; OUTPUT[29]  ; 10.793 ; 10.793 ; 10.793 ; 10.793 ;
; SLL8       ; OUTPUT[30]  ; 11.521 ; 11.521 ; 11.521 ; 11.521 ;
; SLL8       ; OUTPUT[31]  ; 10.887 ; 10.887 ; 10.887 ; 10.887 ;
; SLL8       ; Z           ; 14.909 ; 14.909 ; 14.909 ; 14.909 ;
; SRA1       ; N           ; 10.582 ; 10.582 ; 10.582 ; 10.582 ;
; SRA1       ; OUTPUT[0]   ; 9.989  ; 9.989  ; 9.989  ; 9.989  ;
; SRA1       ; OUTPUT[1]   ; 9.929  ; 9.929  ; 9.929  ; 9.929  ;
; SRA1       ; OUTPUT[2]   ; 10.103 ; 10.103 ; 10.103 ; 10.103 ;
; SRA1       ; OUTPUT[3]   ; 10.560 ; 10.560 ; 10.560 ; 10.560 ;
; SRA1       ; OUTPUT[4]   ; 9.883  ; 9.883  ; 9.883  ; 9.883  ;
; SRA1       ; OUTPUT[5]   ; 10.096 ; 10.096 ; 10.096 ; 10.096 ;
; SRA1       ; OUTPUT[6]   ; 10.478 ; 10.478 ; 10.478 ; 10.478 ;
; SRA1       ; OUTPUT[7]   ; 9.594  ; 9.594  ; 9.594  ; 9.594  ;
; SRA1       ; OUTPUT[8]   ; 10.554 ; 10.554 ; 10.554 ; 10.554 ;
; SRA1       ; OUTPUT[9]   ; 10.678 ; 10.678 ; 10.678 ; 10.678 ;
; SRA1       ; OUTPUT[10]  ; 10.570 ; 10.570 ; 10.570 ; 10.570 ;
; SRA1       ; OUTPUT[11]  ; 11.126 ; 11.126 ; 11.126 ; 11.126 ;
; SRA1       ; OUTPUT[12]  ; 11.062 ; 11.062 ; 11.062 ; 11.062 ;
; SRA1       ; OUTPUT[13]  ; 11.149 ; 11.149 ; 11.149 ; 11.149 ;
; SRA1       ; OUTPUT[14]  ; 10.159 ; 10.159 ; 10.159 ; 10.159 ;
; SRA1       ; OUTPUT[15]  ; 10.476 ; 10.476 ; 10.476 ; 10.476 ;
; SRA1       ; OUTPUT[16]  ; 10.718 ; 10.718 ; 10.718 ; 10.718 ;
; SRA1       ; OUTPUT[17]  ; 10.830 ; 10.830 ; 10.830 ; 10.830 ;
; SRA1       ; OUTPUT[18]  ; 10.110 ; 10.110 ; 10.110 ; 10.110 ;
; SRA1       ; OUTPUT[19]  ; 9.801  ; 9.801  ; 9.801  ; 9.801  ;
; SRA1       ; OUTPUT[20]  ; 9.522  ; 9.522  ; 9.522  ; 9.522  ;
; SRA1       ; OUTPUT[21]  ; 10.947 ; 10.947 ; 10.947 ; 10.947 ;
; SRA1       ; OUTPUT[22]  ; 10.443 ; 10.443 ; 10.443 ; 10.443 ;
; SRA1       ; OUTPUT[23]  ; 11.543 ; 11.543 ; 11.543 ; 11.543 ;
; SRA1       ; OUTPUT[24]  ; 10.682 ; 10.682 ; 10.682 ; 10.682 ;
; SRA1       ; OUTPUT[25]  ; 10.645 ; 10.645 ; 10.645 ; 10.645 ;
; SRA1       ; OUTPUT[26]  ; 9.816  ; 9.816  ; 9.816  ; 9.816  ;
; SRA1       ; OUTPUT[27]  ; 10.184 ; 10.184 ; 10.184 ; 10.184 ;
; SRA1       ; OUTPUT[28]  ; 9.510  ; 9.510  ; 9.510  ; 9.510  ;
; SRA1       ; OUTPUT[29]  ; 10.661 ; 10.661 ; 10.661 ; 10.661 ;
; SRA1       ; OUTPUT[30]  ; 11.393 ; 11.393 ; 11.393 ; 11.393 ;
; SRA1       ; OUTPUT[31]  ; 10.582 ; 10.582 ; 10.582 ; 10.582 ;
; SRA1       ; Z           ; 14.987 ; 14.987 ; 14.987 ; 14.987 ;
+------------+-------------+--------+--------+--------+--------+


+----------------------------------------------------------+
; Minimum Progagation Delay                                ;
+------------+-------------+-------+-------+-------+-------+
; Input Port ; Output Port ; RR    ; RF    ; FR    ; FF    ;
+------------+-------------+-------+-------+-------+-------+
; INPUT[0]   ; OUTPUT[0]   ; 5.188 ;       ;       ; 5.188 ;
; INPUT[0]   ; OUTPUT[8]   ; 5.271 ;       ;       ; 5.271 ;
; INPUT[0]   ; Z           ;       ; 5.883 ; 5.883 ;       ;
; INPUT[1]   ; OUTPUT[0]   ; 5.181 ;       ;       ; 5.181 ;
; INPUT[1]   ; OUTPUT[1]   ; 5.097 ;       ;       ; 5.097 ;
; INPUT[1]   ; OUTPUT[9]   ; 5.473 ;       ;       ; 5.473 ;
; INPUT[1]   ; Z           ;       ; 5.822 ; 5.822 ;       ;
; INPUT[2]   ; OUTPUT[1]   ; 5.326 ;       ;       ; 5.326 ;
; INPUT[2]   ; OUTPUT[2]   ; 5.376 ;       ;       ; 5.376 ;
; INPUT[2]   ; OUTPUT[10]  ; 5.554 ;       ;       ; 5.554 ;
; INPUT[2]   ; Z           ;       ; 6.051 ; 6.051 ;       ;
; INPUT[3]   ; OUTPUT[2]   ; 5.685 ;       ;       ; 5.685 ;
; INPUT[3]   ; OUTPUT[3]   ; 5.887 ;       ;       ; 5.887 ;
; INPUT[3]   ; OUTPUT[11]  ; 6.010 ;       ;       ; 6.010 ;
; INPUT[3]   ; Z           ;       ; 6.674 ; 6.674 ;       ;
; INPUT[4]   ; OUTPUT[3]   ; 5.805 ;       ;       ; 5.805 ;
; INPUT[4]   ; OUTPUT[4]   ; 5.566 ;       ;       ; 5.566 ;
; INPUT[4]   ; OUTPUT[12]  ; 6.112 ;       ;       ; 6.112 ;
; INPUT[4]   ; Z           ;       ; 6.592 ; 6.592 ;       ;
; INPUT[5]   ; OUTPUT[4]   ; 5.486 ;       ;       ; 5.486 ;
; INPUT[5]   ; OUTPUT[5]   ; 5.601 ;       ;       ; 5.601 ;
; INPUT[5]   ; OUTPUT[13]  ; 5.990 ;       ;       ; 5.990 ;
; INPUT[5]   ; Z           ;       ; 6.483 ; 6.483 ;       ;
; INPUT[6]   ; OUTPUT[5]   ; 5.396 ;       ;       ; 5.396 ;
; INPUT[6]   ; OUTPUT[6]   ; 5.679 ;       ;       ; 5.679 ;
; INPUT[6]   ; OUTPUT[14]  ; 5.404 ;       ;       ; 5.404 ;
; INPUT[6]   ; Z           ;       ; 6.278 ; 6.278 ;       ;
; INPUT[7]   ; OUTPUT[6]   ; 5.644 ;       ;       ; 5.644 ;
; INPUT[7]   ; OUTPUT[7]   ; 5.180 ;       ;       ; 5.180 ;
; INPUT[7]   ; OUTPUT[15]  ; 5.623 ;       ;       ; 5.623 ;
; INPUT[7]   ; Z           ;       ; 6.383 ; 6.383 ;       ;
; INPUT[8]   ; OUTPUT[7]   ; 5.252 ;       ;       ; 5.252 ;
; INPUT[8]   ; OUTPUT[8]   ; 5.029 ;       ;       ; 5.029 ;
; INPUT[8]   ; OUTPUT[16]  ; 5.569 ;       ;       ; 5.569 ;
; INPUT[8]   ; Z           ;       ; 6.068 ; 6.068 ;       ;
; INPUT[9]   ; OUTPUT[8]   ; 5.276 ;       ;       ; 5.276 ;
; INPUT[9]   ; OUTPUT[9]   ; 5.329 ;       ;       ; 5.329 ;
; INPUT[9]   ; OUTPUT[17]  ; 5.639 ;       ;       ; 5.639 ;
; INPUT[9]   ; Z           ;       ; 6.257 ; 6.257 ;       ;
; INPUT[10]  ; OUTPUT[9]   ; 5.728 ;       ;       ; 5.728 ;
; INPUT[10]  ; OUTPUT[10]  ; 5.448 ;       ;       ; 5.448 ;
; INPUT[10]  ; OUTPUT[18]  ; 5.651 ;       ;       ; 5.651 ;
; INPUT[10]  ; Z           ;       ; 6.500 ; 6.500 ;       ;
; INPUT[11]  ; OUTPUT[10]  ; 5.920 ;       ;       ; 5.920 ;
; INPUT[11]  ; OUTPUT[11]  ; 5.848 ;       ;       ; 5.848 ;
; INPUT[11]  ; OUTPUT[19]  ; 5.266 ;       ;       ; 5.266 ;
; INPUT[11]  ; Z           ;       ; 6.796 ; 6.796 ;       ;
; INPUT[12]  ; OUTPUT[11]  ; 5.910 ;       ;       ; 5.910 ;
; INPUT[12]  ; OUTPUT[12]  ; 5.805 ;       ;       ; 5.805 ;
; INPUT[12]  ; OUTPUT[20]  ; 5.323 ;       ;       ; 5.323 ;
; INPUT[12]  ; Z           ;       ; 6.655 ; 6.655 ;       ;
; INPUT[13]  ; OUTPUT[12]  ; 6.031 ;       ;       ; 6.031 ;
; INPUT[13]  ; OUTPUT[13]  ; 5.762 ;       ;       ; 5.762 ;
; INPUT[13]  ; OUTPUT[21]  ; 6.258 ;       ;       ; 6.258 ;
; INPUT[13]  ; Z           ;       ; 6.671 ; 6.671 ;       ;
; INPUT[14]  ; OUTPUT[13]  ; 6.153 ;       ;       ; 6.153 ;
; INPUT[14]  ; OUTPUT[14]  ; 5.336 ;       ;       ; 5.336 ;
; INPUT[14]  ; OUTPUT[22]  ; 5.813 ;       ;       ; 5.813 ;
; INPUT[14]  ; Z           ;       ; 7.062 ; 7.062 ;       ;
; INPUT[15]  ; OUTPUT[14]  ; 5.282 ;       ;       ; 5.282 ;
; INPUT[15]  ; OUTPUT[15]  ; 5.134 ;       ;       ; 5.134 ;
; INPUT[15]  ; OUTPUT[23]  ; 5.960 ;       ;       ; 5.960 ;
; INPUT[15]  ; Z           ;       ; 6.918 ; 6.918 ;       ;
; INPUT[16]  ; OUTPUT[15]  ; 5.430 ;       ;       ; 5.430 ;
; INPUT[16]  ; OUTPUT[16]  ; 5.167 ;       ;       ; 5.167 ;
; INPUT[16]  ; OUTPUT[24]  ; 5.652 ;       ;       ; 5.652 ;
; INPUT[16]  ; Z           ;       ; 6.816 ; 6.816 ;       ;
; INPUT[17]  ; OUTPUT[16]  ; 5.670 ;       ;       ; 5.670 ;
; INPUT[17]  ; OUTPUT[17]  ; 5.263 ;       ;       ; 5.263 ;
; INPUT[17]  ; OUTPUT[25]  ; 5.718 ;       ;       ; 5.718 ;
; INPUT[17]  ; Z           ;       ; 7.198 ; 7.198 ;       ;
; INPUT[18]  ; OUTPUT[17]  ; 5.612 ;       ;       ; 5.612 ;
; INPUT[18]  ; OUTPUT[18]  ; 5.592 ;       ;       ; 5.592 ;
; INPUT[18]  ; OUTPUT[26]  ; 5.554 ;       ;       ; 5.554 ;
; INPUT[18]  ; Z           ;       ; 6.957 ; 6.957 ;       ;
; INPUT[19]  ; OUTPUT[18]  ; 5.495 ;       ;       ; 5.495 ;
; INPUT[19]  ; OUTPUT[19]  ; 4.979 ;       ;       ; 4.979 ;
; INPUT[19]  ; OUTPUT[27]  ; 5.511 ;       ;       ; 5.511 ;
; INPUT[19]  ; Z           ;       ; 6.626 ; 6.626 ;       ;
; INPUT[20]  ; OUTPUT[19]  ; 5.408 ;       ;       ; 5.408 ;
; INPUT[20]  ; OUTPUT[20]  ; 5.217 ;       ;       ; 5.217 ;
; INPUT[20]  ; OUTPUT[28]  ; 5.417 ;       ;       ; 5.417 ;
; INPUT[20]  ; Z           ;       ; 6.937 ; 6.937 ;       ;
; INPUT[21]  ; OUTPUT[20]  ; 5.587 ;       ;       ; 5.587 ;
; INPUT[21]  ; OUTPUT[21]  ; 5.667 ;       ;       ; 5.667 ;
; INPUT[21]  ; OUTPUT[29]  ; 5.931 ;       ;       ; 5.931 ;
; INPUT[21]  ; Z           ;       ; 7.012 ; 7.012 ;       ;
; INPUT[22]  ; OUTPUT[21]  ; 6.328 ;       ;       ; 6.328 ;
; INPUT[22]  ; OUTPUT[22]  ; 5.724 ;       ;       ; 5.724 ;
; INPUT[22]  ; OUTPUT[30]  ; 6.207 ;       ;       ; 6.207 ;
; INPUT[22]  ; Z           ;       ; 6.844 ; 6.844 ;       ;
; INPUT[23]  ; N           ; 6.154 ;       ;       ; 6.154 ;
; INPUT[23]  ; OUTPUT[22]  ; 6.122 ;       ;       ; 6.122 ;
; INPUT[23]  ; OUTPUT[23]  ; 6.003 ;       ;       ; 6.003 ;
; INPUT[23]  ; OUTPUT[31]  ; 6.154 ;       ;       ; 6.154 ;
; INPUT[23]  ; Z           ;       ; 6.760 ; 6.760 ;       ;
; INPUT[24]  ; OUTPUT[23]  ; 6.073 ;       ;       ; 6.073 ;
; INPUT[24]  ; OUTPUT[24]  ; 5.350 ;       ;       ; 5.350 ;
; INPUT[24]  ; Z           ;       ; 6.955 ; 6.955 ;       ;
; INPUT[25]  ; OUTPUT[24]  ; 5.752 ;       ;       ; 5.752 ;
; INPUT[25]  ; OUTPUT[25]  ; 5.470 ;       ;       ; 5.470 ;
; INPUT[25]  ; Z           ;       ; 6.956 ; 6.956 ;       ;
; INPUT[26]  ; OUTPUT[25]  ; 5.694 ;       ;       ; 5.694 ;
; INPUT[26]  ; OUTPUT[26]  ; 5.077 ;       ;       ; 5.077 ;
; INPUT[26]  ; Z           ;       ; 6.669 ; 6.669 ;       ;
; INPUT[27]  ; OUTPUT[26]  ; 5.369 ;       ;       ; 5.369 ;
; INPUT[27]  ; OUTPUT[27]  ; 5.415 ;       ;       ; 5.415 ;
; INPUT[27]  ; Z           ;       ; 6.708 ; 6.708 ;       ;
; INPUT[28]  ; OUTPUT[27]  ; 5.702 ;       ;       ; 5.702 ;
; INPUT[28]  ; OUTPUT[28]  ; 5.182 ;       ;       ; 5.182 ;
; INPUT[28]  ; Z           ;       ; 6.764 ; 6.764 ;       ;
; INPUT[29]  ; OUTPUT[28]  ; 5.412 ;       ;       ; 5.412 ;
; INPUT[29]  ; OUTPUT[29]  ; 5.335 ;       ;       ; 5.335 ;
; INPUT[29]  ; Z           ;       ; 6.571 ; 6.571 ;       ;
; INPUT[30]  ; OUTPUT[29]  ; 6.233 ;       ;       ; 6.233 ;
; INPUT[30]  ; OUTPUT[30]  ; 6.605 ;       ;       ; 6.605 ;
; INPUT[30]  ; Z           ;       ; 7.242 ; 7.242 ;       ;
; INPUT[31]  ; N           ; 6.006 ;       ;       ; 6.006 ;
; INPUT[31]  ; OUTPUT[30]  ; 6.373 ;       ;       ; 6.373 ;
; INPUT[31]  ; OUTPUT[31]  ; 6.006 ;       ;       ; 6.006 ;
; INPUT[31]  ; Z           ;       ; 6.612 ; 6.612 ;       ;
; SLL8       ; N           ; 5.993 ; 5.993 ; 5.993 ; 5.993 ;
; SLL8       ; OUTPUT[0]   ; 5.524 ; 5.524 ; 5.524 ; 5.524 ;
; SLL8       ; OUTPUT[1]   ; 5.438 ; 5.438 ; 5.438 ; 5.438 ;
; SLL8       ; OUTPUT[2]   ; 5.752 ; 5.752 ; 5.752 ; 5.752 ;
; SLL8       ; OUTPUT[3]   ; 5.957 ; 5.957 ; 5.957 ; 5.957 ;
; SLL8       ; OUTPUT[4]   ; 5.558 ; 5.558 ; 5.558 ; 5.558 ;
; SLL8       ; OUTPUT[5]   ; 5.673 ; 5.673 ; 5.673 ; 5.673 ;
; SLL8       ; OUTPUT[6]   ; 5.855 ; 5.855 ; 5.855 ; 5.855 ;
; SLL8       ; OUTPUT[7]   ; 5.393 ; 5.393 ; 5.393 ; 5.393 ;
; SLL8       ; OUTPUT[8]   ; 5.393 ; 5.393 ; 5.393 ; 5.393 ;
; SLL8       ; OUTPUT[9]   ; 5.523 ; 5.523 ; 5.523 ; 5.523 ;
; SLL8       ; OUTPUT[10]  ; 5.554 ; 5.554 ; 5.554 ; 5.554 ;
; SLL8       ; OUTPUT[11]  ; 5.867 ; 5.867 ; 5.867 ; 5.867 ;
; SLL8       ; OUTPUT[12]  ; 5.908 ; 5.908 ; 5.908 ; 5.908 ;
; SLL8       ; OUTPUT[13]  ; 5.838 ; 5.838 ; 5.838 ; 5.838 ;
; SLL8       ; OUTPUT[14]  ; 5.412 ; 5.412 ; 5.412 ; 5.412 ;
; SLL8       ; OUTPUT[15]  ; 5.348 ; 5.348 ; 5.348 ; 5.348 ;
; SLL8       ; OUTPUT[16]  ; 5.439 ; 5.439 ; 5.439 ; 5.439 ;
; SLL8       ; OUTPUT[17]  ; 5.325 ; 5.325 ; 5.325 ; 5.325 ;
; SLL8       ; OUTPUT[18]  ; 5.415 ; 5.415 ; 5.415 ; 5.415 ;
; SLL8       ; OUTPUT[19]  ; 5.079 ; 5.079 ; 5.079 ; 5.079 ;
; SLL8       ; OUTPUT[20]  ; 5.086 ; 5.086 ; 5.086 ; 5.086 ;
; SLL8       ; OUTPUT[21]  ; 5.637 ; 5.637 ; 5.637 ; 5.637 ;
; SLL8       ; OUTPUT[22]  ; 5.593 ; 5.593 ; 5.593 ; 5.593 ;
; SLL8       ; OUTPUT[23]  ; 5.843 ; 5.843 ; 5.843 ; 5.843 ;
; SLL8       ; OUTPUT[24]  ; 5.567 ; 5.567 ; 5.567 ; 5.567 ;
; SLL8       ; OUTPUT[25]  ; 5.652 ; 5.652 ; 5.652 ; 5.652 ;
; SLL8       ; OUTPUT[26]  ; 5.082 ; 5.082 ; 5.082 ; 5.082 ;
; SLL8       ; OUTPUT[27]  ; 5.309 ; 5.309 ; 5.309 ; 5.309 ;
; SLL8       ; OUTPUT[28]  ; 5.085 ; 5.085 ; 5.085 ; 5.085 ;
; SLL8       ; OUTPUT[29]  ; 5.297 ; 5.297 ; 5.297 ; 5.297 ;
; SLL8       ; OUTPUT[30]  ; 6.079 ; 6.280 ; 6.280 ; 6.079 ;
; SLL8       ; OUTPUT[31]  ; 5.993 ; 5.993 ; 5.993 ; 5.993 ;
; SLL8       ; Z           ; 6.163 ; 6.163 ; 6.163 ; 6.163 ;
; SRA1       ; N           ; 5.872 ; 5.872 ; 5.872 ; 5.872 ;
; SRA1       ; OUTPUT[0]   ; 5.565 ; 5.565 ; 5.565 ; 5.565 ;
; SRA1       ; OUTPUT[1]   ; 5.481 ; 5.481 ; 5.481 ; 5.481 ;
; SRA1       ; OUTPUT[2]   ; 5.643 ; 5.643 ; 5.643 ; 5.643 ;
; SRA1       ; OUTPUT[3]   ; 5.849 ; 5.849 ; 5.849 ; 5.849 ;
; SRA1       ; OUTPUT[4]   ; 5.535 ; 5.535 ; 5.535 ; 5.535 ;
; SRA1       ; OUTPUT[5]   ; 5.634 ; 5.634 ; 5.634 ; 5.634 ;
; SRA1       ; OUTPUT[6]   ; 5.792 ; 5.792 ; 5.792 ; 5.792 ;
; SRA1       ; OUTPUT[7]   ; 5.328 ; 5.328 ; 5.328 ; 5.328 ;
; SRA1       ; OUTPUT[8]   ; 5.354 ; 5.354 ; 5.354 ; 5.354 ;
; SRA1       ; OUTPUT[9]   ; 5.565 ; 5.565 ; 5.565 ; 5.565 ;
; SRA1       ; OUTPUT[10]  ; 5.531 ; 5.531 ; 5.531 ; 5.531 ;
; SRA1       ; OUTPUT[11]  ; 5.748 ; 5.748 ; 5.748 ; 5.748 ;
; SRA1       ; OUTPUT[12]  ; 5.987 ; 5.987 ; 5.987 ; 5.987 ;
; SRA1       ; OUTPUT[13]  ; 5.804 ; 5.804 ; 5.804 ; 5.804 ;
; SRA1       ; OUTPUT[14]  ; 5.348 ; 5.348 ; 5.348 ; 5.348 ;
; SRA1       ; OUTPUT[15]  ; 5.437 ; 5.437 ; 5.437 ; 5.437 ;
; SRA1       ; OUTPUT[16]  ; 5.373 ; 5.373 ; 5.373 ; 5.373 ;
; SRA1       ; OUTPUT[17]  ; 5.424 ; 5.424 ; 5.424 ; 5.424 ;
; SRA1       ; OUTPUT[18]  ; 5.443 ; 5.443 ; 5.443 ; 5.443 ;
; SRA1       ; OUTPUT[19]  ; 5.090 ; 5.090 ; 5.090 ; 5.090 ;
; SRA1       ; OUTPUT[20]  ; 4.982 ; 4.982 ; 4.982 ; 4.982 ;
; SRA1       ; OUTPUT[21]  ; 5.598 ; 5.598 ; 5.598 ; 5.598 ;
; SRA1       ; OUTPUT[22]  ; 5.475 ; 5.475 ; 5.475 ; 5.475 ;
; SRA1       ; OUTPUT[23]  ; 5.717 ; 5.717 ; 5.717 ; 5.717 ;
; SRA1       ; OUTPUT[24]  ; 5.665 ; 5.665 ; 5.665 ; 5.665 ;
; SRA1       ; OUTPUT[25]  ; 5.358 ; 5.358 ; 5.358 ; 5.358 ;
; SRA1       ; OUTPUT[26]  ; 5.107 ; 5.107 ; 5.107 ; 5.107 ;
; SRA1       ; OUTPUT[27]  ; 5.200 ; 5.200 ; 5.200 ; 5.200 ;
; SRA1       ; OUTPUT[28]  ; 4.984 ; 4.984 ; 4.984 ; 4.984 ;
; SRA1       ; OUTPUT[29]  ; 5.207 ; 5.207 ; 5.207 ; 5.207 ;
; SRA1       ; OUTPUT[30]  ; 6.242 ; 5.960 ; 5.960 ; 6.242 ;
; SRA1       ; OUTPUT[31]  ; 5.872 ; 5.872 ; 5.872 ; 5.872 ;
; SRA1       ; Z           ; 6.206 ; 6.206 ; 6.206 ; 6.206 ;
+------------+-------------+-------+-------+-------+-------+


-------------------
; Clock Transfers ;
-------------------
Nothing to report.


---------------
; Report TCCS ;
---------------
No dedicated SERDES Transmitter circuitry present in device or used in design


---------------
; Report RSKM ;
---------------
No dedicated SERDES Receiver circuitry present in device or used in design


+------------------------------------------------+
; Unconstrained Paths                            ;
+---------------------------------+-------+------+
; Property                        ; Setup ; Hold ;
+---------------------------------+-------+------+
; Illegal Clocks                  ; 0     ; 0    ;
; Unconstrained Clocks            ; 0     ; 0    ;
; Unconstrained Input Ports       ; 34    ; 34   ;
; Unconstrained Input Port Paths  ; 189   ; 189  ;
; Unconstrained Output Ports      ; 34    ; 34   ;
; Unconstrained Output Port Paths ; 189   ; 189  ;
+---------------------------------+-------+------+


+------------------------------------+
; TimeQuest Timing Analyzer Messages ;
+------------------------------------+
Info: *******************************************************************
Info: Running Quartus II 64-Bit TimeQuest Timing Analyzer
    Info: Version 13.0.1 Build 232 06/12/2013 Service Pack 1 SJ Web Edition
    Info: Processing started: Thu Jul 17 16:43:51 2025
Info: Command: quartus_sta MIC1 -c MIC1
Info: qsta_default_script.tcl version: #1
Warning (20028): Parallel compilation is not licensed and has been disabled
Critical Warning (332012): Synopsys Design Constraints File file not found: 'MIC1.sdc'. A Synopsys Design Constraints File is required by the TimeQuest Timing Analyzer to get proper timing constraints. Without it, the Compiler will not properly optimize the design.
Info (332142): No user constrained base clocks found in the design. Calling "derive_clocks -period 1.0"
Info (332096): The command derive_clocks did not find any clocks to derive.  No clocks were created or changed.
Warning (332068): No clocks defined in design.
Info: Found TIMEQUEST_REPORT_SCRIPT_INCLUDE_DEFAULT_ANALYSIS = ON
Info (332159): No clocks to report
Info: Analyzing Slow Model
Info (332140): No fmax paths to report
Info (332140): No Setup paths to report
Info (332140): No Hold paths to report
Info (332140): No Recovery paths to report
Info (332140): No Removal paths to report
Info (332140): No Minimum Pulse Width paths to report
Info (332001): The selected device family is not supported by the report_metastability command.
Info: Analyzing Fast Model
Info (332142): No user constrained base clocks found in the design. Calling "derive_clocks -period 1.0"
Info (332096): The command derive_clocks did not find any clocks to derive.  No clocks were created or changed.
Warning (332068): No clocks defined in design.
Info (332140): No Setup paths to report
Info (332140): No Hold paths to report
Info (332140): No Recovery paths to report
Info (332140): No Removal paths to report
Info (332140): No Minimum Pulse Width paths to report
Info (332001): The selected device family is not supported by the report_metastability command.
Info (332102): Design is not fully constrained for setup requirements
Info (332102): Design is not fully constrained for hold requirements
Info: Quartus II 64-Bit TimeQuest Timing Analyzer was successful. 0 errors, 4 warnings
    Info: Peak virtual memory: 4552 megabytes
    Info: Processing ended: Thu Jul 17 16:44:02 2025
    Info: Elapsed time: 00:00:11
    Info: Total CPU time (on all processors): 00:00:00


